{"/home/travis/build/npmtest/node-npmtest-grunt-favicons/test.js":{"path":"/home/travis/build/npmtest/node-npmtest-grunt-favicons/test.js","s":{"1":2,"2":2,"3":2,"4":2,"5":2,"6":2,"7":2,"8":1,"9":2,"10":2,"11":1,"12":1,"13":1,"14":1,"15":2,"16":2,"17":2,"18":2,"19":1,"20":1,"21":2,"22":2,"23":2,"24":1,"25":1,"26":1,"27":1,"28":1,"29":1,"30":1,"31":1,"32":1,"33":1,"34":1,"35":1,"36":1,"37":1,"38":1,"39":2,"40":2,"41":1,"42":2,"43":2,"44":1,"45":2,"46":2,"47":1,"48":2,"49":2,"50":1,"51":1,"52":1,"53":1,"54":1},"b":{"1":[2,1,1,1],"2":[1,1,1,1],"3":[1,1],"4":[1,1],"5":[1,1],"6":[1,1],"7":[1,1],"8":[1,1],"9":[1,1],"10":[1,1,1],"11":[1,1],"12":[1,1],"13":[1,1],"14":[1,1],"15":[1,1],"16":[1,1],"17":[1,1]},"f":{"1":2,"2":2,"3":2,"4":2,"5":2,"6":1,"7":1,"8":1,"9":2,"10":2,"11":2,"12":2,"13":1},"fnMap":{"1":{"name":"(anonymous_1)","line":12,"loc":{"start":{"line":12,"column":1},"end":{"line":12,"column":13}}},"2":{"name":"(anonymous_2)","line":19,"loc":{"start":{"line":19,"column":5},"end":{"line":19,"column":17}}},"3":{"name":"(anonymous_3)","line":23,"loc":{"start":{"line":23,"column":24},"end":{"line":23,"column":36}}},"4":{"name":"(anonymous_4)","line":61,"loc":{"start":{"line":61,"column":5},"end":{"line":61,"column":17}}},"5":{"name":"(anonymous_5)","line":82,"loc":{"start":{"line":82,"column":5},"end":{"line":82,"column":17}}},"6":{"name":"(anonymous_6)","line":91,"loc":{"start":{"line":91,"column":77},"end":{"line":94,"column":10}}},"7":{"name":"(anonymous_7)","line":112,"loc":{"start":{"line":112,"column":83},"end":{"line":115,"column":10}},"skip":true},"8":{"name":"(anonymous_8)","line":123,"loc":{"start":{"line":123,"column":77},"end":{"line":126,"column":10}},"skip":true},"9":{"name":"(anonymous_9)","line":139,"loc":{"start":{"line":139,"column":12},"end":{"line":139,"column":40}},"skip":true},"10":{"name":"(anonymous_10)","line":147,"loc":{"start":{"line":147,"column":77},"end":{"line":150,"column":10}},"skip":true},"11":{"name":"(anonymous_11)","line":158,"loc":{"start":{"line":158,"column":83},"end":{"line":161,"column":10}},"skip":true},"12":{"name":"(anonymous_12)","line":169,"loc":{"start":{"line":169,"column":79},"end":{"line":172,"column":10}},"skip":true},"13":{"name":"(anonymous_13)","line":180,"loc":{"start":{"line":180,"column":75},"end":{"line":183,"column":10}},"skip":true}},"statementMap":{"1":{"start":{"line":12,"column":0},"end":{"line":195,"column":5}},"2":{"start":{"line":14,"column":4},"end":{"line":14,"column":14}},"3":{"start":{"line":19,"column":4},"end":{"line":56,"column":9}},"4":{"start":{"line":21,"column":8},"end":{"line":21,"column":19}},"5":{"start":{"line":23,"column":8},"end":{"line":35,"column":13}},"6":{"start":{"line":24,"column":12},"end":{"line":34,"column":13}},"7":{"start":{"line":25,"column":16},"end":{"line":28,"column":30}},"8":{"start":{"line":30,"column":16},"end":{"line":33,"column":27}},"9":{"start":{"line":37,"column":8},"end":{"line":39,"column":21}},"10":{"start":{"line":40,"column":8},"end":{"line":53,"column":9}},"11":{"start":{"line":43,"column":12},"end":{"line":46,"column":14}},"12":{"start":{"line":47,"column":12},"end":{"line":47,"column":18}},"13":{"start":{"line":50,"column":12},"end":{"line":51,"column":46}},"14":{"start":{"line":52,"column":12},"end":{"line":52,"column":18}},"15":{"start":{"line":55,"column":8},"end":{"line":55,"column":35}},"16":{"start":{"line":61,"column":4},"end":{"line":63,"column":9}},"17":{"start":{"line":62,"column":8},"end":{"line":62,"column":15}},"18":{"start":{"line":64,"column":4},"end":{"line":77,"column":5}},"19":{"start":{"line":70,"column":8},"end":{"line":70,"column":14}},"20":{"start":{"line":76,"column":8},"end":{"line":76,"column":14}},"21":{"start":{"line":82,"column":4},"end":{"line":84,"column":9}},"22":{"start":{"line":83,"column":8},"end":{"line":83,"column":15}},"23":{"start":{"line":85,"column":4},"end":{"line":194,"column":5}},"24":{"start":{"line":91,"column":8},"end":{"line":99,"column":10}},"25":{"start":{"line":98,"column":12},"end":{"line":98,"column":35}},"26":{"start":{"line":102,"column":8},"end":{"line":104,"column":63}},"27":{"start":{"line":105,"column":8},"end":{"line":105,"column":14}},"28":{"start":{"line":112,"column":8},"end":{"line":121,"column":10},"skip":true},"29":{"start":{"line":119,"column":12},"end":{"line":119,"column":55},"skip":true},"30":{"start":{"line":120,"column":12},"end":{"line":120,"column":48},"skip":true},"31":{"start":{"line":123,"column":8},"end":{"line":136,"column":10},"skip":true},"32":{"start":{"line":130,"column":12},"end":{"line":130,"column":76},"skip":true},"33":{"start":{"line":131,"column":12},"end":{"line":131,"column":73},"skip":true},"34":{"start":{"line":132,"column":12},"end":{"line":132,"column":74},"skip":true},"35":{"start":{"line":133,"column":12},"end":{"line":133,"column":79},"skip":true},"36":{"start":{"line":134,"column":12},"end":{"line":134,"column":25},"skip":true},"37":{"start":{"line":135,"column":12},"end":{"line":135,"column":45},"skip":true},"38":{"start":{"line":138,"column":8},"end":{"line":145,"column":14},"skip":true},"39":{"start":{"line":143,"column":16},"end":{"line":143,"column":29},"skip":true},"40":{"start":{"line":144,"column":16},"end":{"line":144,"column":55},"skip":true},"41":{"start":{"line":147,"column":8},"end":{"line":156,"column":10},"skip":true},"42":{"start":{"line":154,"column":12},"end":{"line":154,"column":25},"skip":true},"43":{"start":{"line":155,"column":12},"end":{"line":155,"column":45},"skip":true},"44":{"start":{"line":158,"column":8},"end":{"line":167,"column":10},"skip":true},"45":{"start":{"line":165,"column":12},"end":{"line":165,"column":25},"skip":true},"46":{"start":{"line":166,"column":12},"end":{"line":166,"column":48},"skip":true},"47":{"start":{"line":169,"column":8},"end":{"line":178,"column":10},"skip":true},"48":{"start":{"line":176,"column":12},"end":{"line":176,"column":25},"skip":true},"49":{"start":{"line":177,"column":12},"end":{"line":177,"column":46},"skip":true},"50":{"start":{"line":180,"column":8},"end":{"line":189,"column":10},"skip":true},"51":{"start":{"line":187,"column":12},"end":{"line":187,"column":94},"skip":true},"52":{"start":{"line":188,"column":12},"end":{"line":188,"column":48},"skip":true},"53":{"start":{"line":192,"column":8},"end":{"line":192,"column":35},"skip":true},"54":{"start":{"line":193,"column":8},"end":{"line":193,"column":14},"skip":true}},"branchMap":{"1":{"line":25,"type":"binary-expr","locations":[{"start":{"line":25,"column":23},"end":{"line":25,"column":62}},{"start":{"line":26,"column":20},"end":{"line":26,"column":70}},{"start":{"line":27,"column":20},"end":{"line":27,"column":71}},{"start":{"line":28,"column":20},"end":{"line":28,"column":29}}]},"2":{"line":30,"type":"binary-expr","locations":[{"start":{"line":30,"column":23},"end":{"line":30,"column":37}},{"start":{"line":31,"column":20},"end":{"line":31,"column":61}},{"start":{"line":32,"column":20},"end":{"line":32,"column":70}},{"start":{"line":33,"column":20},"end":{"line":33,"column":26}}]},"3":{"line":37,"type":"cond-expr","locations":[{"start":{"line":38,"column":14},"end":{"line":38,"column":20}},{"start":{"line":39,"column":14},"end":{"line":39,"column":20}}]},"4":{"line":40,"type":"switch","locations":[{"start":{"line":42,"column":8},"end":{"line":47,"column":18}},{"start":{"line":49,"column":8},"end":{"line":52,"column":18}}]},"5":{"line":44,"type":"binary-expr","locations":[{"start":{"line":44,"column":16},"end":{"line":44,"column":44}},{"start":{"line":44,"column":48},"end":{"line":44,"column":66}}]},"6":{"line":50,"type":"binary-expr","locations":[{"start":{"line":50,"column":21},"end":{"line":50,"column":49}},{"start":{"line":50,"column":53},"end":{"line":50,"column":72}}]},"7":{"line":64,"type":"switch","locations":[{"start":{"line":69,"column":4},"end":{"line":70,"column":14}},{"start":{"line":75,"column":4},"end":{"line":76,"column":14}}]},"8":{"line":85,"type":"switch","locations":[{"start":{"line":90,"column":4},"end":{"line":105,"column":14}},{"start":{"line":111,"column":4},"end":{"line":193,"column":14},"skip":true}]},"9":{"line":91,"type":"binary-expr","locations":[{"start":{"line":91,"column":42},"end":{"line":91,"column":73}},{"start":{"line":91,"column":77},"end":{"line":99,"column":9}}]},"10":{"line":102,"type":"binary-expr","locations":[{"start":{"line":102,"column":18},"end":{"line":102,"column":32}},{"start":{"line":103,"column":12},"end":{"line":103,"column":53}},{"start":{"line":104,"column":12},"end":{"line":104,"column":61}}]},"11":{"line":112,"type":"binary-expr","locations":[{"start":{"line":112,"column":45},"end":{"line":112,"column":79},"skip":true},{"start":{"line":112,"column":83},"end":{"line":121,"column":9},"skip":true}]},"12":{"line":123,"type":"binary-expr","locations":[{"start":{"line":123,"column":42},"end":{"line":123,"column":73},"skip":true},{"start":{"line":123,"column":77},"end":{"line":136,"column":9},"skip":true}]},"13":{"line":138,"type":"binary-expr","locations":[{"start":{"line":138,"column":48},"end":{"line":138,"column":85},"skip":true},{"start":{"line":139,"column":12},"end":{"line":145,"column":13},"skip":true}]},"14":{"line":147,"type":"binary-expr","locations":[{"start":{"line":147,"column":42},"end":{"line":147,"column":73},"skip":true},{"start":{"line":147,"column":77},"end":{"line":156,"column":9},"skip":true}]},"15":{"line":158,"type":"binary-expr","locations":[{"start":{"line":158,"column":45},"end":{"line":158,"column":79},"skip":true},{"start":{"line":158,"column":83},"end":{"line":167,"column":9},"skip":true}]},"16":{"line":169,"type":"binary-expr","locations":[{"start":{"line":169,"column":43},"end":{"line":169,"column":75},"skip":true},{"start":{"line":169,"column":79},"end":{"line":178,"column":9},"skip":true}]},"17":{"line":180,"type":"binary-expr","locations":[{"start":{"line":180,"column":41},"end":{"line":180,"column":71},"skip":true},{"start":{"line":180,"column":75},"end":{"line":189,"column":9},"skip":true}]}},"code":["/* istanbul instrument in package npmtest_grunt_favicons */","/*jslint","    bitwise: true,","    browser: true,","    maxerr: 8,","    maxlen: 96,","    node: true,","    nomen: true,","    regexp: true,","    stupid: true","*/","(function () {","    'use strict';","    var local;","","","","    // run shared js-env code - pre-init","    (function () {","        // init local","        local = {};","        // init modeJs","        local.modeJs = (function () {","            try {","                return typeof navigator.userAgent === 'string' &&","                    typeof document.querySelector('body') === 'object' &&","                    typeof XMLHttpRequest.prototype.open === 'function' &&","                    'browser';","            } catch (errorCaughtBrowser) {","                return module.exports &&","                    typeof process.versions.node === 'string' &&","                    typeof require('http').createServer === 'function' &&","                    'node';","            }","        }());","        // init global","        local.global = local.modeJs === 'browser'","            ? window","            : global;","        switch (local.modeJs) {","        // re-init local from window.local","        case 'browser':","            local = local.global.utility2.objectSetDefault(","                local.global.utility2_rollup || local.global.local,","                local.global.utility2","            );","            break;","        // re-init local from example.js","        case 'node':","            local = (local.global.utility2_rollup || require('utility2'))","                .requireExampleJsFromReadme();","            break;","        }","        // export local","        local.global.local = local;","    }());","","","","    // run shared js-env code - function","    (function () {","        return;","    }());","    switch (local.modeJs) {","","","","    // run browser js-env code - function","    case 'browser':","        break;","","","","    // run node js-env code - function","    case 'node':","        break;","    }","","","","    // run shared js-env code - post-init","    (function () {","        return;","    }());","    switch (local.modeJs) {","","","","    // run browser js-env code - post-init","    case 'browser':","        local.testCase_browser_nullCase = local.testCase_browser_nullCase || function (","            options,","            onError","        ) {","        /*","         * this function will test browsers's null-case handling-behavior-behavior","         */","            onError(null, options);","        };","","        // run tests","        local.nop(local.modeTest &&","            document.querySelector('#testRunButton1') &&","            document.querySelector('#testRunButton1').click());","        break;","","","","    // run node js-env code - post-init","    /* istanbul ignore next */","    case 'node':","        local.testCase_buildApidoc_default = local.testCase_buildApidoc_default || function (","            options,","            onError","        ) {","        /*","         * this function will test buildApidoc's default handling-behavior-behavior","         */","            options = { modulePathList: module.paths };","            local.buildApidoc(options, onError);","        };","","        local.testCase_buildApp_default = local.testCase_buildApp_default || function (","            options,","            onError","        ) {","        /*","         * this function will test buildApp's default handling-behavior-behavior","         */","            local.testCase_buildReadme_default(options, local.onErrorThrow);","            local.testCase_buildLib_default(options, local.onErrorThrow);","            local.testCase_buildTest_default(options, local.onErrorThrow);","            local.testCase_buildCustomOrg_default(options, local.onErrorThrow);","            options = [];","            local.buildApp(options, onError);","        };","","        local.testCase_buildCustomOrg_default = local.testCase_buildCustomOrg_default ||","            function (options, onError) {","            /*","             * this function will test buildCustomOrg's default handling-behavior","             */","                options = {};","                local.buildCustomOrg(options, onError);","            };","","        local.testCase_buildLib_default = local.testCase_buildLib_default || function (","            options,","            onError","        ) {","        /*","         * this function will test buildLib's default handling-behavior","         */","            options = {};","            local.buildLib(options, onError);","        };","","        local.testCase_buildReadme_default = local.testCase_buildReadme_default || function (","            options,","            onError","        ) {","        /*","         * this function will test buildReadme's default handling-behavior-behavior","         */","            options = {};","            local.buildReadme(options, onError);","        };","","        local.testCase_buildTest_default = local.testCase_buildTest_default || function (","            options,","            onError","        ) {","        /*","         * this function will test buildTest's default handling-behavior","         */","            options = {};","            local.buildTest(options, onError);","        };","","        local.testCase_webpage_default = local.testCase_webpage_default || function (","            options,","            onError","        ) {","        /*","         * this function will test webpage's default handling-behavior","         */","            options = { modeCoverageMerge: true, url: local.serverLocalHost + '?modeTest=1' };","            local.browserTest(options, onError);","        };","","        // run test-server","        local.testRunServer(local);","        break;","    }","}());",""],"l":{"12":2,"14":2,"19":2,"21":2,"23":2,"24":2,"25":2,"30":1,"37":2,"40":2,"43":1,"47":1,"50":1,"52":1,"55":2,"61":2,"62":2,"64":2,"70":1,"76":1,"82":2,"83":2,"85":2,"91":1,"98":1,"102":1,"105":1,"112":1,"119":1,"120":1,"123":1,"130":1,"131":1,"132":1,"133":1,"134":1,"135":1,"138":1,"143":2,"144":2,"147":1,"154":2,"155":2,"158":1,"165":2,"166":2,"169":1,"176":2,"177":2,"180":1,"187":1,"188":1,"192":1,"193":1}},"/home/travis/build/npmtest/node-npmtest-grunt-favicons/lib.npmtest_grunt_favicons.js":{"path":"/home/travis/build/npmtest/node-npmtest-grunt-favicons/lib.npmtest_grunt_favicons.js","s":{"1":2,"2":2,"3":2,"4":2,"5":2,"6":2,"7":2,"8":1,"9":2,"10":2,"11":2,"12":2,"13":1,"14":1,"15":1,"16":1},"b":{"1":[2,1,1,1],"2":[1,1,1,1],"3":[1,1],"4":[2,2],"5":[1,1]},"f":{"1":2,"2":2,"3":2},"fnMap":{"1":{"name":"(anonymous_1)","line":12,"loc":{"start":{"line":12,"column":1},"end":{"line":12,"column":13}}},"2":{"name":"(anonymous_2)","line":19,"loc":{"start":{"line":19,"column":5},"end":{"line":19,"column":17}}},"3":{"name":"(anonymous_3)","line":23,"loc":{"start":{"line":23,"column":24},"end":{"line":23,"column":36}}}},"statementMap":{"1":{"start":{"line":12,"column":0},"end":{"line":53,"column":5}},"2":{"start":{"line":14,"column":4},"end":{"line":14,"column":14}},"3":{"start":{"line":19,"column":4},"end":{"line":52,"column":9}},"4":{"start":{"line":21,"column":8},"end":{"line":21,"column":19}},"5":{"start":{"line":23,"column":8},"end":{"line":35,"column":13}},"6":{"start":{"line":24,"column":12},"end":{"line":34,"column":13}},"7":{"start":{"line":25,"column":16},"end":{"line":28,"column":30}},"8":{"start":{"line":30,"column":16},"end":{"line":33,"column":27}},"9":{"start":{"line":37,"column":8},"end":{"line":39,"column":21}},"10":{"start":{"line":41,"column":8},"end":{"line":41,"column":54}},"11":{"start":{"line":43,"column":8},"end":{"line":43,"column":59}},"12":{"start":{"line":45,"column":8},"end":{"line":51,"column":9}},"13":{"start":{"line":46,"column":12},"end":{"line":46,"column":65}},"14":{"start":{"line":48,"column":12},"end":{"line":48,"column":35}},"15":{"start":{"line":49,"column":12},"end":{"line":49,"column":49}},"16":{"start":{"line":50,"column":12},"end":{"line":50,"column":43}}},"branchMap":{"1":{"line":25,"type":"binary-expr","locations":[{"start":{"line":25,"column":23},"end":{"line":25,"column":62}},{"start":{"line":26,"column":20},"end":{"line":26,"column":70}},{"start":{"line":27,"column":20},"end":{"line":27,"column":71}},{"start":{"line":28,"column":20},"end":{"line":28,"column":29}}]},"2":{"line":30,"type":"binary-expr","locations":[{"start":{"line":30,"column":23},"end":{"line":30,"column":37}},{"start":{"line":31,"column":20},"end":{"line":31,"column":61}},{"start":{"line":32,"column":20},"end":{"line":32,"column":70}},{"start":{"line":33,"column":20},"end":{"line":33,"column":26}}]},"3":{"line":37,"type":"cond-expr","locations":[{"start":{"line":38,"column":14},"end":{"line":38,"column":20}},{"start":{"line":39,"column":14},"end":{"line":39,"column":20}}]},"4":{"line":41,"type":"binary-expr","locations":[{"start":{"line":41,"column":16},"end":{"line":41,"column":44}},{"start":{"line":41,"column":48},"end":{"line":41,"column":53}}]},"5":{"line":45,"type":"if","locations":[{"start":{"line":45,"column":8},"end":{"line":45,"column":8}},{"start":{"line":45,"column":8},"end":{"line":45,"column":8}}]}},"code":["/* istanbul instrument in package npmtest_grunt_favicons */","/*jslint","    bitwise: true,","    browser: true,","    maxerr: 8,","    maxlen: 96,","    node: true,","    nomen: true,","    regexp: true,","    stupid: true","*/","(function () {","    'use strict';","    var local;","","","","    // run shared js-env code - pre-init","    (function () {","        // init local","        local = {};","        // init modeJs","        local.modeJs = (function () {","            try {","                return typeof navigator.userAgent === 'string' &&","                    typeof document.querySelector('body') === 'object' &&","                    typeof XMLHttpRequest.prototype.open === 'function' &&","                    'browser';","            } catch (errorCaughtBrowser) {","                return module.exports &&","                    typeof process.versions.node === 'string' &&","                    typeof require('http').createServer === 'function' &&","                    'node';","            }","        }());","        // init global","        local.global = local.modeJs === 'browser'","            ? window","            : global;","        // init utility2_rollup","        local = local.global.utility2_rollup || local;","        // init lib","        local.local = local.npmtest_grunt_favicons = local;","        // init exports","        if (local.modeJs === 'browser') {","            local.global.utility2_npmtest_grunt_favicons = local;","        } else {","            module.exports = local;","            module.exports.__dirname = __dirname;","            module.exports.module = module;","        }","    }());","}());",""],"l":{"12":2,"14":2,"19":2,"21":2,"23":2,"24":2,"25":2,"30":1,"37":2,"41":2,"43":2,"45":2,"46":1,"48":1,"49":1,"50":1}},"/home/travis/build/npmtest/node-npmtest-grunt-favicons/example.js":{"path":"/home/travis/build/npmtest/node-npmtest-grunt-favicons/example.js","s":{"1":2,"2":2,"3":2,"4":2,"5":2,"6":2,"7":2,"8":1,"9":2,"10":2,"11":2,"12":2,"13":1,"14":2,"15":2,"16":2,"17":2,"18":2,"19":0,"20":2,"21":1,"22":1,"23":1,"24":1,"25":1,"26":0,"27":0,"28":1,"29":1,"30":2,"31":0,"32":0,"33":0,"34":1,"35":2,"36":2,"37":3,"38":3,"39":3,"40":3,"41":0,"42":3,"43":3,"44":3,"45":1,"46":3,"47":1,"48":1,"49":1,"50":1,"51":1,"52":1,"53":1,"54":1,"55":1,"56":1,"57":0,"58":1,"59":6,"60":6,"61":1,"62":2,"63":0,"64":2,"65":1,"66":1,"67":0,"68":0,"69":0,"70":0,"71":0,"72":0,"73":0,"74":0,"75":0,"76":0,"77":0,"78":0,"79":0,"80":0,"81":0,"82":0,"83":0},"b":{"1":[2,1,1,1],"2":[1,1,1,1],"3":[1,1],"4":[2,2],"5":[1,1],"6":[1,1],"7":[2,0],"8":[2,1,1,1,1,1],"9":[0,2,0],"10":[1,1],"11":[2,1,1],"12":[1,0],"13":[0,2],"14":[2,0,0,0,0,0,0],"15":[0,3],"16":[3,0],"17":[1,1],"18":[0,1],"19":[1,2,0,2],"20":[1,0],"21":[1,1],"22":[0,0],"23":[0,0],"24":[0,0],"25":[0,0],"26":[0,0],"27":[0,0],"28":[0,0]},"f":{"1":2,"2":2,"3":2,"4":2,"5":2,"6":2,"7":3,"8":3,"9":3,"10":1,"11":6,"12":0},"fnMap":{"1":{"name":"(anonymous_1)","line":26,"loc":{"start":{"line":26,"column":1},"end":{"line":26,"column":13}}},"2":{"name":"(anonymous_2)","line":33,"loc":{"start":{"line":33,"column":5},"end":{"line":33,"column":17}}},"3":{"name":"(anonymous_3)","line":37,"loc":{"start":{"line":37,"column":24},"end":{"line":37,"column":36}}},"4":{"name":"(anonymous_4)","line":69,"loc":{"start":{"line":69,"column":31},"end":{"line":69,"column":48}},"skip":true},"5":{"name":"(anonymous_5)","line":78,"loc":{"start":{"line":78,"column":26},"end":{"line":78,"column":45}},"skip":true},"6":{"name":"(anonymous_6)","line":123,"loc":{"start":{"line":123,"column":33},"end":{"line":123,"column":48}},"skip":true},"7":{"name":"(anonymous_7)","line":125,"loc":{"start":{"line":125,"column":27},"end":{"line":125,"column":39}},"skip":true},"8":{"name":"(anonymous_8)","line":133,"loc":{"start":{"line":133,"column":59},"end":{"line":133,"column":74}},"skip":true},"9":{"name":"(anonymous_9)","line":143,"loc":{"start":{"line":143,"column":45},"end":{"line":143,"column":62}},"skip":true},"10":{"name":"(anonymous_10)","line":144,"loc":{"start":{"line":144,"column":73},"end":{"line":144,"column":92}},"skip":true},"11":{"name":"(anonymous_11)","line":272,"loc":{"start":{"line":272,"column":51},"end":{"line":272,"column":77}},"skip":true},"12":{"name":"(anonymous_12)","line":315,"loc":{"start":{"line":315,"column":32},"end":{"line":315,"column":61}},"skip":true}},"statementMap":{"1":{"start":{"line":26,"column":0},"end":{"line":326,"column":5}},"2":{"start":{"line":28,"column":4},"end":{"line":28,"column":14}},"3":{"start":{"line":33,"column":4},"end":{"line":60,"column":9}},"4":{"start":{"line":35,"column":8},"end":{"line":35,"column":19}},"5":{"start":{"line":37,"column":8},"end":{"line":49,"column":13}},"6":{"start":{"line":38,"column":12},"end":{"line":48,"column":13}},"7":{"start":{"line":39,"column":16},"end":{"line":42,"column":30}},"8":{"start":{"line":44,"column":16},"end":{"line":47,"column":27}},"9":{"start":{"line":51,"column":8},"end":{"line":53,"column":21}},"10":{"start":{"line":55,"column":8},"end":{"line":57,"column":45}},"11":{"start":{"line":59,"column":8},"end":{"line":59,"column":35}},"12":{"start":{"line":61,"column":4},"end":{"line":325,"column":5}},"13":{"start":{"line":69,"column":8},"end":{"line":121,"column":10},"skip":true},"14":{"start":{"line":70,"column":12},"end":{"line":88,"column":13},"skip":true},"15":{"start":{"line":76,"column":16},"end":{"line":87,"column":19},"skip":true},"16":{"start":{"line":79,"column":20},"end":{"line":86,"column":21},"skip":true},"17":{"start":{"line":82,"column":24},"end":{"line":82,"column":43},"skip":true},"18":{"start":{"line":83,"column":24},"end":{"line":83,"column":30},"skip":true},"19":{"start":{"line":85,"column":24},"end":{"line":85,"column":49},"skip":true},"20":{"start":{"line":89,"column":12},"end":{"line":107,"column":13},"skip":true},"21":{"start":{"line":92,"column":16},"end":{"line":102,"column":17},"skip":true},"22":{"start":{"line":93,"column":20},"end":{"line":93,"column":86},"skip":true},"23":{"start":{"line":94,"column":20},"end":{"line":95,"column":45},"skip":true},"24":{"start":{"line":96,"column":20},"end":{"line":96,"column":42},"skip":true},"25":{"start":{"line":97,"column":20},"end":{"line":97,"column":48},"skip":true},"26":{"start":{"line":100,"column":20},"end":{"line":100,"column":85},"skip":true},"27":{"start":{"line":101,"column":20},"end":{"line":101,"column":96},"skip":true},"28":{"start":{"line":103,"column":16},"end":{"line":103,"column":22},"skip":true},"29":{"start":{"line":106,"column":16},"end":{"line":106,"column":22},"skip":true},"30":{"start":{"line":108,"column":12},"end":{"line":120,"column":13},"skip":true},"31":{"start":{"line":114,"column":16},"end":{"line":119,"column":17},"skip":true},"32":{"start":{"line":116,"column":20},"end":{"line":116,"column":78},"skip":true},"33":{"start":{"line":118,"column":20},"end":{"line":118,"column":47},"skip":true},"34":{"start":{"line":123,"column":8},"end":{"line":141,"column":11},"skip":true},"35":{"start":{"line":124,"column":12},"end":{"line":124,"column":54},"skip":true},"36":{"start":{"line":125,"column":12},"end":{"line":140,"column":14},"skip":true},"37":{"start":{"line":126,"column":16},"end":{"line":126,"column":28},"skip":true},"38":{"start":{"line":127,"column":16},"end":{"line":127,"column":69},"skip":true},"39":{"start":{"line":128,"column":16},"end":{"line":128,"column":75},"skip":true},"40":{"start":{"line":129,"column":16},"end":{"line":131,"column":17},"skip":true},"41":{"start":{"line":130,"column":20},"end":{"line":130,"column":27},"skip":true},"42":{"start":{"line":133,"column":16},"end":{"line":137,"column":36},"skip":true},"43":{"start":{"line":134,"column":20},"end":{"line":136,"column":55},"skip":true},"44":{"start":{"line":139,"column":16},"end":{"line":139,"column":57},"skip":true},"45":{"start":{"line":143,"column":8},"end":{"line":147,"column":11},"skip":true},"46":{"start":{"line":144,"column":12},"end":{"line":146,"column":15},"skip":true},"47":{"start":{"line":145,"column":16},"end":{"line":145,"column":70},"skip":true},"48":{"start":{"line":149,"column":8},"end":{"line":149,"column":31},"skip":true},"49":{"start":{"line":150,"column":8},"end":{"line":150,"column":14},"skip":true},"50":{"start":{"line":158,"column":8},"end":{"line":158,"column":31},"skip":true},"51":{"start":{"line":160,"column":8},"end":{"line":160,"column":33},"skip":true},"52":{"start":{"line":161,"column":8},"end":{"line":161,"column":37},"skip":true},"53":{"start":{"line":162,"column":8},"end":{"line":162,"column":35},"skip":true},"54":{"start":{"line":164,"column":8},"end":{"line":164,"column":50},"skip":true},"55":{"start":{"line":166,"column":8},"end":{"line":256,"column":2},"skip":true},"56":{"start":{"line":258,"column":8},"end":{"line":286,"column":9},"skip":true},"57":{"start":{"line":259,"column":12},"end":{"line":269,"column":14},"skip":true},"58":{"start":{"line":271,"column":12},"end":{"line":285,"column":19},"skip":true},"59":{"start":{"line":274,"column":20},"end":{"line":274,"column":35},"skip":true},"60":{"start":{"line":275,"column":20},"end":{"line":284,"column":21},"skip":true},"61":{"start":{"line":277,"column":24},"end":{"line":277,"column":64},"skip":true},"62":{"start":{"line":279,"column":24},"end":{"line":279,"column":40},"skip":true},"63":{"start":{"line":281,"column":24},"end":{"line":281,"column":40},"skip":true},"64":{"start":{"line":283,"column":24},"end":{"line":283,"column":39},"skip":true},"65":{"start":{"line":288,"column":8},"end":{"line":290,"column":9},"skip":true},"66":{"start":{"line":289,"column":12},"end":{"line":289,"column":18},"skip":true},"67":{"start":{"line":291,"column":8},"end":{"line":293,"column":54},"skip":true},"68":{"start":{"line":296,"column":8},"end":{"line":301,"column":37},"skip":true},"69":{"start":{"line":303,"column":8},"end":{"line":303,"column":82},"skip":true},"70":{"start":{"line":306,"column":8},"end":{"line":308,"column":9},"skip":true},"71":{"start":{"line":307,"column":12},"end":{"line":307,"column":82},"skip":true},"72":{"start":{"line":310,"column":8},"end":{"line":312,"column":9},"skip":true},"73":{"start":{"line":311,"column":12},"end":{"line":311,"column":18},"skip":true},"74":{"start":{"line":313,"column":8},"end":{"line":313,"column":54},"skip":true},"75":{"start":{"line":314,"column":8},"end":{"line":314,"column":69},"skip":true},"76":{"start":{"line":315,"column":8},"end":{"line":323,"column":36},"skip":true},"77":{"start":{"line":316,"column":12},"end":{"line":316,"column":61},"skip":true},"78":{"start":{"line":317,"column":12},"end":{"line":320,"column":13},"skip":true},"79":{"start":{"line":318,"column":16},"end":{"line":318,"column":75},"skip":true},"80":{"start":{"line":319,"column":16},"end":{"line":319,"column":23},"skip":true},"81":{"start":{"line":321,"column":12},"end":{"line":321,"column":38},"skip":true},"82":{"start":{"line":322,"column":12},"end":{"line":322,"column":27},"skip":true},"83":{"start":{"line":324,"column":8},"end":{"line":324,"column":14},"skip":true}},"branchMap":{"1":{"line":39,"type":"binary-expr","locations":[{"start":{"line":39,"column":23},"end":{"line":39,"column":62}},{"start":{"line":40,"column":20},"end":{"line":40,"column":70}},{"start":{"line":41,"column":20},"end":{"line":41,"column":71}},{"start":{"line":42,"column":20},"end":{"line":42,"column":29}}]},"2":{"line":44,"type":"binary-expr","locations":[{"start":{"line":44,"column":23},"end":{"line":44,"column":37}},{"start":{"line":45,"column":20},"end":{"line":45,"column":61}},{"start":{"line":46,"column":20},"end":{"line":46,"column":70}},{"start":{"line":47,"column":20},"end":{"line":47,"column":26}}]},"3":{"line":51,"type":"cond-expr","locations":[{"start":{"line":52,"column":14},"end":{"line":52,"column":20}},{"start":{"line":53,"column":14},"end":{"line":53,"column":20}}]},"4":{"line":55,"type":"binary-expr","locations":[{"start":{"line":55,"column":16},"end":{"line":55,"column":44}},{"start":{"line":55,"column":49},"end":{"line":57,"column":43}}]},"5":{"line":55,"type":"cond-expr","locations":[{"start":{"line":56,"column":14},"end":{"line":56,"column":58}},{"start":{"line":57,"column":14},"end":{"line":57,"column":43}}]},"6":{"line":61,"type":"switch","locations":[{"start":{"line":68,"column":4},"end":{"line":150,"column":14},"skip":true},{"start":{"line":156,"column":4},"end":{"line":324,"column":14},"skip":true}]},"7":{"line":70,"type":"if","locations":[{"start":{"line":70,"column":12},"end":{"line":70,"column":12},"skip":true},{"start":{"line":70,"column":12},"end":{"line":70,"column":12},"skip":true}]},"8":{"line":70,"type":"binary-expr","locations":[{"start":{"line":70,"column":16},"end":{"line":70,"column":22},"skip":true},{"start":{"line":70,"column":27},"end":{"line":70,"column":32},"skip":true},{"start":{"line":71,"column":20},"end":{"line":71,"column":39},"skip":true},{"start":{"line":72,"column":20},"end":{"line":72,"column":49},"skip":true},{"start":{"line":73,"column":20},"end":{"line":73,"column":58},"skip":true},{"start":{"line":74,"column":20},"end":{"line":74,"column":69},"skip":true}]},"9":{"line":79,"type":"switch","locations":[{"start":{"line":80,"column":20},"end":{"line":80,"column":33},"skip":true},{"start":{"line":81,"column":20},"end":{"line":83,"column":30},"skip":true},{"start":{"line":84,"column":20},"end":{"line":85,"column":49},"skip":true}]},"10":{"line":89,"type":"switch","locations":[{"start":{"line":90,"column":12},"end":{"line":103,"column":22},"skip":true},{"start":{"line":105,"column":12},"end":{"line":106,"column":22},"skip":true}]},"11":{"line":89,"type":"binary-expr","locations":[{"start":{"line":89,"column":20},"end":{"line":89,"column":25},"skip":true},{"start":{"line":89,"column":29},"end":{"line":89,"column":48},"skip":true},{"start":{"line":89,"column":52},"end":{"line":89,"column":74},"skip":true}]},"12":{"line":92,"type":"if","locations":[{"start":{"line":92,"column":16},"end":{"line":92,"column":16},"skip":true},{"start":{"line":92,"column":16},"end":{"line":92,"column":16},"skip":true}]},"13":{"line":108,"type":"if","locations":[{"start":{"line":108,"column":12},"end":{"line":108,"column":12},"skip":true},{"start":{"line":108,"column":12},"end":{"line":108,"column":12},"skip":true}]},"14":{"line":108,"type":"binary-expr","locations":[{"start":{"line":108,"column":16},"end":{"line":108,"column":61},"skip":true},{"start":{"line":108,"column":66},"end":{"line":108,"column":72},"skip":true},{"start":{"line":108,"column":77},"end":{"line":108,"column":82},"skip":true},{"start":{"line":109,"column":20},"end":{"line":109,"column":39},"skip":true},{"start":{"line":110,"column":20},"end":{"line":110,"column":49},"skip":true},{"start":{"line":111,"column":20},"end":{"line":111,"column":58},"skip":true},{"start":{"line":112,"column":20},"end":{"line":112,"column":68},"skip":true}]},"15":{"line":129,"type":"if","locations":[{"start":{"line":129,"column":16},"end":{"line":129,"column":16},"skip":true},{"start":{"line":129,"column":16},"end":{"line":129,"column":16},"skip":true}]},"16":{"line":134,"type":"cond-expr","locations":[{"start":{"line":135,"column":26},"end":{"line":135,"column":29},"skip":true},{"start":{"line":136,"column":26},"end":{"line":136,"column":54},"skip":true}]},"17":{"line":164,"type":"binary-expr","locations":[{"start":{"line":164,"column":27},"end":{"line":164,"column":43},"skip":true},{"start":{"line":164,"column":47},"end":{"line":164,"column":49},"skip":true}]},"18":{"line":258,"type":"if","locations":[{"start":{"line":258,"column":8},"end":{"line":258,"column":8},"skip":true},{"start":{"line":258,"column":8},"end":{"line":258,"column":8},"skip":true}]},"19":{"line":275,"type":"switch","locations":[{"start":{"line":276,"column":20},"end":{"line":277,"column":64},"skip":true},{"start":{"line":278,"column":20},"end":{"line":279,"column":40},"skip":true},{"start":{"line":280,"column":20},"end":{"line":281,"column":40},"skip":true},{"start":{"line":282,"column":20},"end":{"line":283,"column":39},"skip":true}]},"20":{"line":288,"type":"if","locations":[{"start":{"line":288,"column":8},"end":{"line":288,"column":8},"skip":true},{"start":{"line":288,"column":8},"end":{"line":288,"column":8},"skip":true}]},"21":{"line":288,"type":"binary-expr","locations":[{"start":{"line":288,"column":12},"end":{"line":288,"column":40},"skip":true},{"start":{"line":288,"column":44},"end":{"line":288,"column":67},"skip":true}]},"22":{"line":292,"type":"binary-expr","locations":[{"start":{"line":292,"column":12},"end":{"line":292,"column":50},"skip":true},{"start":{"line":293,"column":12},"end":{"line":293,"column":53},"skip":true}]},"23":{"line":297,"type":"binary-expr","locations":[{"start":{"line":297,"column":12},"end":{"line":297,"column":72},"skip":true},{"start":{"line":298,"column":12},"end":{"line":301,"column":36},"skip":true}]},"24":{"line":303,"type":"binary-expr","locations":[{"start":{"line":303,"column":43},"end":{"line":303,"column":75},"skip":true},{"start":{"line":303,"column":79},"end":{"line":303,"column":81},"skip":true}]},"25":{"line":306,"type":"if","locations":[{"start":{"line":306,"column":8},"end":{"line":306,"column":8},"skip":true},{"start":{"line":306,"column":8},"end":{"line":306,"column":8},"skip":true}]},"26":{"line":310,"type":"if","locations":[{"start":{"line":310,"column":8},"end":{"line":310,"column":8},"skip":true},{"start":{"line":310,"column":8},"end":{"line":310,"column":8},"skip":true}]},"27":{"line":313,"type":"binary-expr","locations":[{"start":{"line":313,"column":27},"end":{"line":313,"column":43},"skip":true},{"start":{"line":313,"column":47},"end":{"line":313,"column":53},"skip":true}]},"28":{"line":317,"type":"if","locations":[{"start":{"line":317,"column":12},"end":{"line":317,"column":12},"skip":true},{"start":{"line":317,"column":12},"end":{"line":317,"column":12},"skip":true}]}},"code":["/*","example.js","","quickstart example","","instruction","    1. save this script as example.js","    2. run the shell command:","        $ npm install npmtest-grunt-favicons && PORT=8081 node example.js","    3. play with the browser-demo on http://127.0.0.1:8081","*/","","","","/* istanbul instrument in package npmtest_grunt_favicons */","/*jslint","    bitwise: true,","    browser: true,","    maxerr: 8,","    maxlen: 96,","    node: true,","    nomen: true,","    regexp: true,","    stupid: true","*/","(function () {","    'use strict';","    var local;","","","","    // run shared js-env code - pre-init","    (function () {","        // init local","        local = {};","        // init modeJs","        local.modeJs = (function () {","            try {","                return typeof navigator.userAgent === 'string' &&","                    typeof document.querySelector('body') === 'object' &&","                    typeof XMLHttpRequest.prototype.open === 'function' &&","                    'browser';","            } catch (errorCaughtBrowser) {","                return module.exports &&","                    typeof process.versions.node === 'string' &&","                    typeof require('http').createServer === 'function' &&","                    'node';","            }","        }());","        // init global","        local.global = local.modeJs === 'browser'","            ? window","            : global;","        // init utility2_rollup","        local = local.global.utility2_rollup || (local.modeJs === 'browser'","            ? local.global.utility2_npmtest_grunt_favicons","            : global.utility2_moduleExports);","        // export local","        local.global.local = local;","    }());","    switch (local.modeJs) {","","","","    // post-init","    // run browser js-env code - post-init","    /* istanbul ignore next */","    case 'browser':","        local.testRunBrowser = function (event) {","            if (!event || (event &&","                    event.currentTarget &&","                    event.currentTarget.className &&","                    event.currentTarget.className.includes &&","                    event.currentTarget.className.includes('onreset'))) {","                // reset output","                Array.from(","                    document.querySelectorAll('body > .resettable')","                ).forEach(function (element) {","                    switch (element.tagName) {","                    case 'INPUT':","                    case 'TEXTAREA':","                        element.value = '';","                        break;","                    default:","                        element.textContent = '';","                    }","                });","            }","            switch (event && event.currentTarget && event.currentTarget.id) {","            case 'testRunButton1':","                // show tests","                if (document.querySelector('#testReportDiv1').style.display === 'none') {","                    document.querySelector('#testReportDiv1').style.display = 'block';","                    document.querySelector('#testRunButton1').textContent =","                        'hide internal test';","                    local.modeTest = true;","                    local.testRunDefault(local);","                // hide tests","                } else {","                    document.querySelector('#testReportDiv1').style.display = 'none';","                    document.querySelector('#testRunButton1').textContent = 'run internal test';","                }","                break;","            // custom-case","            default:","                break;","            }","            if (document.querySelector('#inputTextareaEval1') && (!event || (event &&","                    event.currentTarget &&","                    event.currentTarget.className &&","                    event.currentTarget.className.includes &&","                    event.currentTarget.className.includes('oneval')))) {","                // try to eval input-code","                try {","                    /*jslint evil: true*/","                    eval(document.querySelector('#inputTextareaEval1').value);","                } catch (errorCaught) {","                    console.error(errorCaught);","                }","            }","        };","        // log stderr and stdout to #outputTextareaStdout1","        ['error', 'log'].forEach(function (key) {","            console[key + '_original'] = console[key];","            console[key] = function () {","                var element;","                console[key + '_original'].apply(console, arguments);","                element = document.querySelector('#outputTextareaStdout1');","                if (!element) {","                    return;","                }","                // append text to #outputTextareaStdout1","                element.value += Array.from(arguments).map(function (arg) {","                    return typeof arg === 'string'","                        ? arg","                        : JSON.stringify(arg, null, 4);","                }).join(' ') + '\\n';","                // scroll textarea to bottom","                element.scrollTop = element.scrollHeight;","            };","        });","        // init event-handling","        ['change', 'click', 'keyup'].forEach(function (event) {","            Array.from(document.querySelectorAll('.on' + event)).forEach(function (element) {","                element.addEventListener(event, local.testRunBrowser);","            });","        });","        // run tests","        local.testRunBrowser();","        break;","","","","    // run node js-env code - post-init","    /* istanbul ignore next */","    case 'node':","        // export local","        module.exports = local;","        // require modules","        local.fs = require('fs');","        local.http = require('http');","        local.url = require('url');","        // init assets","        local.assetsDict = local.assetsDict || {};","        /* jslint-ignore-begin */","        local.assetsDict['/assets.index.template.html'] = '\\","<!doctype html>\\n\\","<html lang=\"en\">\\n\\","<head>\\n\\","<meta charset=\"UTF-8\">\\n\\","<meta name=\"viewport\" content=\"width=device-width, initial-scale=1\">\\n\\","<title>{{env.npm_package_name}} (v{{env.npm_package_version}})</title>\\n\\","<style>\\n\\","/*csslint\\n\\","    box-sizing: false,\\n\\","    universal-selector: false\\n\\","*/\\n\\","* {\\n\\","    box-sizing: border-box;\\n\\","}\\n\\","body {\\n\\","    background: #dde;\\n\\","    font-family: Arial, Helvetica, sans-serif;\\n\\","    margin: 2rem;\\n\\","}\\n\\","body > * {\\n\\","    margin-bottom: 1rem;\\n\\","}\\n\\",".utility2FooterDiv {\\n\\","    margin-top: 20px;\\n\\","    text-align: center;\\n\\","}\\n\\","</style>\\n\\","<style>\\n\\","/*csslint\\n\\","*/\\n\\","textarea {\\n\\","    font-family: monospace;\\n\\","    height: 10rem;\\n\\","    width: 100%;\\n\\","}\\n\\","textarea[readonly] {\\n\\","    background: #ddd;\\n\\","}\\n\\","</style>\\n\\","</head>\\n\\","<body>\\n\\","<!-- utility2-comment\\n\\","<div id=\"ajaxProgressDiv1\" style=\"background: #d00; height: 2px; left: 0; margin: 0; padding: 0; position: fixed; top: 0; transition: background 0.5s, width 1.5s; width: 25%;\"></div>\\n\\","utility2-comment -->\\n\\","<h1>\\n\\","<!-- utility2-comment\\n\\","    <a\\n\\","        {{#if env.npm_package_homepage}}\\n\\","        href=\"{{env.npm_package_homepage}}\"\\n\\","        {{/if env.npm_package_homepage}}\\n\\","        target=\"_blank\"\\n\\","    >\\n\\","utility2-comment -->\\n\\","        {{env.npm_package_name}} (v{{env.npm_package_version}})\\n\\","<!-- utility2-comment\\n\\","    </a>\\n\\","utility2-comment -->\\n\\","</h1>\\n\\","<h3>{{env.npm_package_description}}</h3>\\n\\","<!-- utility2-comment\\n\\","<h4><a download href=\"assets.app.js\">download standalone app</a></h4>\\n\\","<button class=\"onclick onreset\" id=\"testRunButton1\">run internal test</button><br>\\n\\","<div id=\"testReportDiv1\" style=\"display: none;\"></div>\\n\\","utility2-comment -->\\n\\","\\n\\","\\n\\","\\n\\","<label>stderr and stdout</label>\\n\\","<textarea class=\"resettable\" id=\"outputTextareaStdout1\" readonly></textarea>\\n\\","<!-- utility2-comment\\n\\","{{#if isRollup}}\\n\\","<script src=\"assets.app.js\"></script>\\n\\","{{#unless isRollup}}\\n\\","utility2-comment -->\\n\\","<script src=\"assets.utility2.rollup.js\"></script>\\n\\","<script src=\"jsonp.utility2._stateInit?callback=window.utility2._stateInit\"></script>\\n\\","<script src=\"assets.npmtest_grunt_favicons.rollup.js\"></script>\\n\\","<script src=\"assets.example.js\"></script>\\n\\","<script src=\"assets.test.js\"></script>\\n\\","<!-- utility2-comment\\n\\","{{/if isRollup}}\\n\\","utility2-comment -->\\n\\","<div class=\"utility2FooterDiv\">\\n\\","    [ this app was created with\\n\\","    <a href=\"https://github.com/kaizhu256/node-utility2\" target=\"_blank\">utility2</a>\\n\\","    ]\\n\\","</div>\\n\\","</body>\\n\\","</html>\\n\\","';","        /* jslint-ignore-end */","        if (local.templateRender) {","            local.assetsDict['/'] = local.templateRender(","                local.assetsDict['/assets.index.template.html'],","                {","                    env: local.objectSetDefault(local.env, {","                        npm_package_description: 'the greatest app in the world!',","                        npm_package_name: 'my-app',","                        npm_package_nameAlias: 'my_app',","                        npm_package_version: '0.0.1'","                    })","                }","            );","        } else {","            local.assetsDict['/'] = local.assetsDict['/assets.index.template.html']","                .replace((/\\{\\{env\\.(\\w+?)\\}\\}/g), function (match0, match1) {","                    // jslint-hack","                    String(match0);","                    switch (match1) {","                    case 'npm_package_description':","                        return 'the greatest app in the world!';","                    case 'npm_package_name':","                        return 'my-app';","                    case 'npm_package_nameAlias':","                        return 'my_app';","                    case 'npm_package_version':","                        return '0.0.1';","                    }","                });","        }","        // run the cli","        if (local.global.utility2_rollup || module !== require.main) {","            break;","        }","        local.assetsDict['/assets.example.js'] =","            local.assetsDict['/assets.example.js'] ||","            local.fs.readFileSync(__filename, 'utf8');","        // bug-workaround - long $npm_package_buildCustomOrg","        /* jslint-ignore-begin */","        local.assetsDict['/assets.npmtest_grunt_favicons.rollup.js'] =","            local.assetsDict['/assets.npmtest_grunt_favicons.rollup.js'] ||","            local.fs.readFileSync(","                local.npmtest_grunt_favicons.__dirname + '/lib.npmtest_grunt_favicons.js',","                'utf8'","            ).replace((/^#!/), '//');","        /* jslint-ignore-end */","        local.assetsDict['/favicon.ico'] = local.assetsDict['/favicon.ico'] || '';","        // if $npm_config_timeout_exit exists,","        // then exit this process after $npm_config_timeout_exit ms","        if (Number(process.env.npm_config_timeout_exit)) {","            setTimeout(process.exit, Number(process.env.npm_config_timeout_exit));","        }","        // start server","        if (local.global.utility2_serverHttp1) {","            break;","        }","        process.env.PORT = process.env.PORT || '8081';","        console.error('server starting on port ' + process.env.PORT);","        local.http.createServer(function (request, response) {","            request.urlParsed = local.url.parse(request.url);","            if (local.assetsDict[request.urlParsed.pathname] !== undefined) {","                response.end(local.assetsDict[request.urlParsed.pathname]);","                return;","            }","            response.statusCode = 404;","            response.end();","        }).listen(process.env.PORT);","        break;","    }","}());",""],"l":{"26":2,"28":2,"33":2,"35":2,"37":2,"38":2,"39":2,"44":1,"51":2,"55":2,"59":2,"61":2,"69":1,"70":2,"76":2,"79":2,"82":2,"83":2,"85":1,"89":2,"92":1,"93":1,"94":1,"96":1,"97":1,"100":1,"101":1,"103":1,"106":1,"108":2,"114":1,"116":1,"118":1,"123":1,"124":2,"125":2,"126":3,"127":3,"128":3,"129":3,"130":1,"133":3,"134":3,"139":3,"143":1,"144":3,"145":1,"149":1,"150":1,"158":1,"160":1,"161":1,"162":1,"164":1,"166":1,"258":1,"259":1,"271":1,"274":6,"275":6,"277":1,"279":2,"281":1,"283":2,"288":1,"289":1,"291":1,"296":1,"303":1,"306":1,"307":1,"310":1,"311":1,"313":1,"314":1,"315":1,"316":1,"317":1,"318":1,"319":1,"321":1,"322":1,"324":1}},"/home/travis/build/npmtest/node-npmtest-grunt-favicons/node_modules/grunt-favicons/Gruntfile.js":{"path":"/home/travis/build/npmtest/node-npmtest-grunt-favicons/node_modules/grunt-favicons/Gruntfile.js","s":{"1":1,"2":0,"3":0,"4":0,"5":0,"6":0,"7":0,"8":0,"9":0,"10":0,"11":0,"12":0,"13":0,"14":0},"b":{},"f":{"1":0},"fnMap":{"1":{"name":"(anonymous_1)","line":9,"loc":{"start":{"line":9,"column":17},"end":{"line":9,"column":33}}}},"statementMap":{"1":{"start":{"line":9,"column":0},"end":{"line":144,"column":2}},"2":{"start":{"line":11,"column":4},"end":{"line":126,"column":7}},"3":{"start":{"line":128,"column":4},"end":{"line":128,"column":47}},"4":{"start":{"line":129,"column":4},"end":{"line":129,"column":49}},"5":{"start":{"line":130,"column":4},"end":{"line":130,"column":45}},"6":{"start":{"line":131,"column":4},"end":{"line":131,"column":46}},"7":{"start":{"line":132,"column":4},"end":{"line":132,"column":29}},"8":{"start":{"line":135,"column":4},"end":{"line":135,"column":90}},"9":{"start":{"line":136,"column":4},"end":{"line":136,"column":90}},"10":{"start":{"line":137,"column":4},"end":{"line":137,"column":111}},"11":{"start":{"line":138,"column":4},"end":{"line":138,"column":82}},"12":{"start":{"line":139,"column":4},"end":{"line":139,"column":90}},"13":{"start":{"line":141,"column":4},"end":{"line":141,"column":102}},"14":{"start":{"line":142,"column":4},"end":{"line":142,"column":44}}},"branchMap":{},"code":["/*"," * grunt-favicons"," * https://github.com/gleero/grunt-favicons"," *"," * Copyright (c) 2013 Vladimir Perekladov"," * Licensed under the MIT license."," */","","module.exports = function(grunt) {","","    grunt.initConfig({","","        jshint: {","            files: [","                'tasks/favicons.js',","                'Gruntfile.js'","            ],","            options: {","                jshintrc: '.jshintrc'","            }","        },","","        favicons: {","            stage1: {","                src: 'test/test.png',","                dest: 'test/out'","            },","            stage2: {","                options: {","                    html: 'test/out/test.html',","                    trueColor: true,","                    HTMLPrefix: \"/images/icons/\",","                    windowsTile: false,","                    precomposed: false,","                    appleTouchBackgroundColor: \"#a0b4bb\",","                    appleTouchPadding: 25,","                    firefox: true,","                    sharp: 1,","                    debug: true,","                    firefoxManifest: 'test/out/manifest.webapp',","                    androidHomescreen: true","                },","                src: 'test/test.png',","                dest: 'test/out'","            },","            stage3: {","                options: {","                    html: 'test/out/test.php',","                    HTMLPrefix: \"<?= SITE_TEMPLATE_PATH; ?>/icons/\",","                    windowsTile: true,","                    appleTouchPadding: 0,","                    tileColor: \"none\",","                    firefox: true,","                    firefoxRound: true,","                    coast: true","                },","                src: 'test/img.jpg',","                dest: 'test/out'","            },","            stage4: {","                options: {","                    html: 'test/out/test.html.twig',","                    HTMLPrefix: '{{ releaseDir }}/icons/',","                    trueColor: true,","                    precomposed: true,","                    appleTouchBackgroundColor: \"#a0b4bb\",","                    coast: true,","                    apple: false,","                    regular: false,","                    windowsTile: true,","                    tileBlackWhite: false,","                    tileColor: 'auto'","                },","                src: 'test/img.jpg',","                dest: 'test/out'","            },","            stage5: {","              options: {","                html: 'test/out/test.html.indent',","                trueColor: true,","                HTMLPrefix: \"/images/icons/\",","                windowsTile: false,","                precomposed: false,","                appleTouchBackgroundColor: \"#a0b4bb\",","                appleTouchPadding: 25,","                firefox: true,","                sharp: 1,","                debug: true,","                firefoxManifest: 'test/out/manifest.webapp',","                androidHomescreen: true,","                indent: '  '","              },","              src: 'test/test.png',","              dest: 'test/out'","            }","        },","","        copy: {","            html: {","                src: 'test/index.html',","                dest: 'test/out/test.html'","            },","            php: {","                src: 'test/index.html',","                dest: 'test/out/test.php'","            },","            manifest: {","                src: 'test/manifest.webapp',","                dest: 'test/out/manifest.webapp'","            },","            indent: {","                src: 'test/index.html',","                dest: 'test/out/test.html.indent'","            }","        },","","        nodeunit: {","            stage1: ['test/test_stage1.js'],","            stage2: ['test/test_stage2.js'],","            stage3: ['test/test_stage3.js'],","            stage4: ['test/test_stage4.js'],","            stage5: ['test/test_stage5.js']","        },","","        clean: ['test/out']","    });","","    grunt.loadNpmTasks('grunt-contrib-jshint');","    grunt.loadNpmTasks('grunt-contrib-nodeunit');","    grunt.loadNpmTasks('grunt-contrib-copy');","    grunt.loadNpmTasks('grunt-contrib-clean');","    grunt.loadTasks('tasks');","","    // Default options","    grunt.registerTask('stage1', ['clean', 'copy', 'favicons:stage1', 'nodeunit:stage1']);","    grunt.registerTask('stage2', ['clean', 'copy', 'favicons:stage2', 'nodeunit:stage2']);","    grunt.registerTask('stage3', ['clean', 'copy:php', 'copy:manifest', 'favicons:stage3', 'nodeunit:stage3']);","    grunt.registerTask('stage4', ['clean', 'favicons:stage4', 'nodeunit:stage4']);","    grunt.registerTask('stage5', ['clean', 'copy', 'favicons:stage5', 'nodeunit:stage5']);","","    grunt.registerTask('test', ['jshint', 'stage1', 'stage2', 'stage3', 'stage4', 'stage5', 'clean']);","    grunt.registerTask('default', ['test']);","","};",""],"l":{"9":1,"11":0,"128":0,"129":0,"130":0,"131":0,"132":0,"135":0,"136":0,"137":0,"138":0,"139":0,"141":0,"142":0}},"/home/travis/build/npmtest/node-npmtest-grunt-favicons/node_modules/grunt-favicons/tasks/favicons.js":{"path":"/home/travis/build/npmtest/node-npmtest-grunt-favicons/node_modules/grunt-favicons/tasks/favicons.js","s":{"1":1,"2":1,"3":1,"4":1,"5":0,"6":0,"7":0,"8":0,"9":0,"10":0,"11":0,"12":0,"13":0,"14":0,"15":0,"16":0,"17":0,"18":0,"19":0,"20":0,"21":0,"22":0,"23":0,"24":0,"25":0,"26":0,"27":0,"28":0,"29":0,"30":0,"31":0,"32":0,"33":0,"34":0,"35":0,"36":0,"37":0,"38":0,"39":0,"40":0,"41":0,"42":0,"43":0,"44":0,"45":0,"46":0,"47":0,"48":0,"49":0,"50":0,"51":0,"52":0,"53":0,"54":0,"55":0,"56":0,"57":0,"58":0,"59":0,"60":0,"61":0,"62":0,"63":0,"64":0,"65":0,"66":0,"67":0,"68":0,"69":0,"70":0,"71":0,"72":0,"73":0,"74":0,"75":0,"76":0,"77":0,"78":0,"79":0,"80":0,"81":0,"82":0,"83":0,"84":0,"85":0,"86":0,"87":0,"88":0,"89":0,"90":0,"91":0,"92":0,"93":0,"94":0,"95":0,"96":0,"97":0,"98":0,"99":0,"100":0,"101":0,"102":0,"103":0,"104":0,"105":0,"106":0,"107":0,"108":0,"109":0,"110":0,"111":0,"112":0,"113":0,"114":0,"115":0,"116":0,"117":0,"118":0,"119":0,"120":0,"121":0,"122":0,"123":0,"124":0,"125":0,"126":0,"127":0,"128":0,"129":0,"130":0,"131":0,"132":0,"133":0,"134":0,"135":0,"136":0,"137":0,"138":0,"139":0,"140":0,"141":0,"142":0,"143":0,"144":0,"145":0,"146":0,"147":0,"148":0,"149":0,"150":0,"151":0,"152":0,"153":0,"154":0,"155":0,"156":0,"157":0,"158":0,"159":0,"160":0,"161":0,"162":0,"163":0,"164":0,"165":0,"166":0,"167":0,"168":0,"169":0,"170":0,"171":0,"172":0,"173":0,"174":0,"175":0,"176":0,"177":0,"178":0,"179":0,"180":0,"181":0,"182":0,"183":0,"184":0,"185":0,"186":0,"187":0,"188":0,"189":0,"190":0,"191":0,"192":0,"193":0,"194":0,"195":0,"196":0,"197":0,"198":0,"199":0,"200":0,"201":0,"202":0,"203":0,"204":0,"205":0,"206":0,"207":0},"b":{"1":[0,0],"2":[0,0],"3":[0,0],"4":[0,0],"5":[0,0,0],"6":[0,0],"7":[0,0],"8":[0,0],"9":[0,0],"10":[0,0],"11":[0,0],"12":[0,0,0,0],"13":[0,0],"14":[0,0],"15":[0,0],"16":[0,0],"17":[0,0],"18":[0,0],"19":[0,0],"20":[0,0],"21":[0,0],"22":[0,0],"23":[0,0],"24":[0,0],"25":[0,0],"26":[0,0],"27":[0,0],"28":[0,0],"29":[0,0],"30":[0,0],"31":[0,0],"32":[0,0],"33":[0,0],"34":[0,0],"35":[0,0],"36":[0,0],"37":[0,0],"38":[0,0],"39":[0,0],"40":[0,0],"41":[0,0],"42":[0,0],"43":[0,0],"44":[0,0],"45":[0,0],"46":[0,0],"47":[0,0],"48":[0,0],"49":[0,0],"50":[0,0],"51":[0,0],"52":[0,0],"53":[0,0],"54":[0,0],"55":[0,0],"56":[0,0],"57":[0,0],"58":[0,0],"59":[0,0],"60":[0,0],"61":[0,0],"62":[0,0],"63":[0,0],"64":[0,0]},"f":{"1":0,"2":0,"3":0,"4":0,"5":0,"6":0,"7":0,"8":0,"9":0,"10":0,"11":0,"12":0,"13":0,"14":0},"fnMap":{"1":{"name":"(anonymous_1)","line":13,"loc":{"start":{"line":13,"column":17},"end":{"line":13,"column":33}}},"2":{"name":"(anonymous_2)","line":16,"loc":{"start":{"line":16,"column":113},"end":{"line":16,"column":124}}},"3":{"name":"(anonymous_3)","line":43,"loc":{"start":{"line":43,"column":39},"end":{"line":43,"column":68}}},"4":{"name":"(anonymous_4)","line":50,"loc":{"start":{"line":50,"column":22},"end":{"line":50,"column":36}}},"5":{"name":"(anonymous_5)","line":58,"loc":{"start":{"line":58,"column":22},"end":{"line":58,"column":37}}},"6":{"name":"(anonymous_6)","line":69,"loc":{"start":{"line":69,"column":28},"end":{"line":69,"column":42}}},"7":{"name":"(anonymous_7)","line":75,"loc":{"start":{"line":75,"column":32},"end":{"line":75,"column":46}}},"8":{"name":"(anonymous_8)","line":80,"loc":{"start":{"line":80,"column":22},"end":{"line":80,"column":80}}},"9":{"name":"(anonymous_9)","line":125,"loc":{"start":{"line":125,"column":31},"end":{"line":125,"column":49}}},"10":{"name":"(anonymous_10)","line":141,"loc":{"start":{"line":141,"column":27},"end":{"line":141,"column":39}}},"11":{"name":"(anonymous_11)","line":153,"loc":{"start":{"line":153,"column":26},"end":{"line":153,"column":43}}},"12":{"name":"(anonymous_12)","line":177,"loc":{"start":{"line":177,"column":56},"end":{"line":177,"column":71}}},"13":{"name":"(anonymous_13)","line":303,"loc":{"start":{"line":303,"column":92},"end":{"line":303,"column":107}}},"14":{"name":"(anonymous_14)","line":451,"loc":{"start":{"line":451,"column":56},"end":{"line":451,"column":71}}}},"statementMap":{"1":{"start":{"line":9,"column":0},"end":{"line":9,"column":27}},"2":{"start":{"line":10,"column":0},"end":{"line":10,"column":23}},"3":{"start":{"line":11,"column":0},"end":{"line":11,"column":32}},"4":{"start":{"line":13,"column":0},"end":{"line":461,"column":2}},"5":{"start":{"line":16,"column":4},"end":{"line":459,"column":7}},"6":{"start":{"line":18,"column":8},"end":{"line":18,"column":33}},"7":{"start":{"line":21,"column":8},"end":{"line":47,"column":11}},"8":{"start":{"line":44,"column":16},"end":{"line":44,"column":56}},"9":{"start":{"line":45,"column":16},"end":{"line":45,"column":120}},"10":{"start":{"line":50,"column":8},"end":{"line":55,"column":10}},"11":{"start":{"line":51,"column":12},"end":{"line":53,"column":13}},"12":{"start":{"line":52,"column":16},"end":{"line":52,"column":60}},"13":{"start":{"line":54,"column":12},"end":{"line":54,"column":29}},"14":{"start":{"line":58,"column":8},"end":{"line":66,"column":10}},"15":{"start":{"line":59,"column":12},"end":{"line":59,"column":36}},"16":{"start":{"line":60,"column":12},"end":{"line":60,"column":46}},"17":{"start":{"line":61,"column":12},"end":{"line":65,"column":13}},"18":{"start":{"line":62,"column":16},"end":{"line":64,"column":18}},"19":{"start":{"line":69,"column":8},"end":{"line":72,"column":10}},"20":{"start":{"line":70,"column":12},"end":{"line":70,"column":183}},"21":{"start":{"line":71,"column":12},"end":{"line":71,"column":37}},"22":{"start":{"line":75,"column":8},"end":{"line":78,"column":10}},"23":{"start":{"line":76,"column":12},"end":{"line":76,"column":165}},"24":{"start":{"line":77,"column":12},"end":{"line":77,"column":37}},"25":{"start":{"line":80,"column":8},"end":{"line":106,"column":10}},"26":{"start":{"line":81,"column":12},"end":{"line":85,"column":37}},"27":{"start":{"line":86,"column":12},"end":{"line":91,"column":13}},"28":{"start":{"line":87,"column":16},"end":{"line":90,"column":19}},"29":{"start":{"line":93,"column":12},"end":{"line":103,"column":13}},"30":{"start":{"line":94,"column":16},"end":{"line":94,"column":97}},"31":{"start":{"line":95,"column":16},"end":{"line":102,"column":19}},"32":{"start":{"line":104,"column":12},"end":{"line":104,"column":45}},"33":{"start":{"line":105,"column":12},"end":{"line":105,"column":23}},"34":{"start":{"line":111,"column":8},"end":{"line":111,"column":73}},"35":{"start":{"line":113,"column":8},"end":{"line":138,"column":9}},"36":{"start":{"line":114,"column":12},"end":{"line":114,"column":26}},"37":{"start":{"line":115,"column":12},"end":{"line":115,"column":45}},"38":{"start":{"line":116,"column":12},"end":{"line":116,"column":98}},"39":{"start":{"line":117,"column":12},"end":{"line":117,"column":18}},"40":{"start":{"line":118,"column":12},"end":{"line":134,"column":13}},"41":{"start":{"line":119,"column":16},"end":{"line":119,"column":43}},"42":{"start":{"line":121,"column":16},"end":{"line":121,"column":56}},"43":{"start":{"line":122,"column":16},"end":{"line":122,"column":47}},"44":{"start":{"line":123,"column":16},"end":{"line":123,"column":59}},"45":{"start":{"line":124,"column":16},"end":{"line":124,"column":71}},"46":{"start":{"line":125,"column":16},"end":{"line":132,"column":19}},"47":{"start":{"line":126,"column":20},"end":{"line":126,"column":52}},"48":{"start":{"line":127,"column":20},"end":{"line":131,"column":21}},"49":{"start":{"line":130,"column":24},"end":{"line":130,"column":41}},"50":{"start":{"line":133,"column":17},"end":{"line":133,"column":96}},"51":{"start":{"line":135,"column":12},"end":{"line":137,"column":13}},"52":{"start":{"line":136,"column":16},"end":{"line":136,"column":37}},"53":{"start":{"line":141,"column":8},"end":{"line":458,"column":11}},"54":{"start":{"line":143,"column":12},"end":{"line":145,"column":13}},"55":{"start":{"line":144,"column":16},"end":{"line":144,"column":61}},"56":{"start":{"line":147,"column":12},"end":{"line":150,"column":13}},"57":{"start":{"line":148,"column":16},"end":{"line":148,"column":41}},"58":{"start":{"line":149,"column":16},"end":{"line":149,"column":72}},"59":{"start":{"line":153,"column":12},"end":{"line":456,"column":15}},"60":{"start":{"line":155,"column":16},"end":{"line":155,"column":34}},"61":{"start":{"line":162,"column":16},"end":{"line":162,"column":31}},"62":{"start":{"line":163,"column":16},"end":{"line":163,"column":71}},"63":{"start":{"line":166,"column":16},"end":{"line":168,"column":17}},"64":{"start":{"line":167,"column":20},"end":{"line":167,"column":78}},"65":{"start":{"line":170,"column":16},"end":{"line":171,"column":101}},"66":{"start":{"line":172,"column":16},"end":{"line":172,"column":76}},"67":{"start":{"line":174,"column":16},"end":{"line":203,"column":17}},"68":{"start":{"line":177,"column":20},"end":{"line":186,"column":23}},"69":{"start":{"line":178,"column":24},"end":{"line":178,"column":101}},"70":{"start":{"line":179,"column":24},"end":{"line":179,"column":70}},"71":{"start":{"line":180,"column":24},"end":{"line":180,"column":41}},"72":{"start":{"line":181,"column":24},"end":{"line":183,"column":25}},"73":{"start":{"line":182,"column":28},"end":{"line":182,"column":57}},"74":{"start":{"line":184,"column":24},"end":{"line":184,"column":64}},"75":{"start":{"line":185,"column":24},"end":{"line":185,"column":43}},"76":{"start":{"line":187,"column":20},"end":{"line":187,"column":35}},"77":{"start":{"line":190,"column":20},"end":{"line":190,"column":55}},"78":{"start":{"line":191,"column":20},"end":{"line":196,"column":24}},"79":{"start":{"line":197,"column":20},"end":{"line":197,"column":35}},"80":{"start":{"line":200,"column":20},"end":{"line":200,"column":55}},"81":{"start":{"line":201,"column":20},"end":{"line":201,"column":92}},"82":{"start":{"line":202,"column":20},"end":{"line":202,"column":35}},"83":{"start":{"line":207,"column":16},"end":{"line":253,"column":17}},"84":{"start":{"line":209,"column":20},"end":{"line":209,"column":64}},"85":{"start":{"line":210,"column":20},"end":{"line":210,"column":129}},"86":{"start":{"line":211,"column":20},"end":{"line":211,"column":35}},"87":{"start":{"line":213,"column":20},"end":{"line":217,"column":21}},"88":{"start":{"line":214,"column":24},"end":{"line":214,"column":82}},"89":{"start":{"line":215,"column":24},"end":{"line":215,"column":147}},"90":{"start":{"line":216,"column":24},"end":{"line":216,"column":39}},"91":{"start":{"line":220,"column":20},"end":{"line":220,"column":82}},"92":{"start":{"line":221,"column":20},"end":{"line":221,"column":147}},"93":{"start":{"line":222,"column":20},"end":{"line":222,"column":35}},"94":{"start":{"line":225,"column":20},"end":{"line":225,"column":84}},"95":{"start":{"line":226,"column":20},"end":{"line":226,"column":149}},"96":{"start":{"line":227,"column":20},"end":{"line":227,"column":35}},"97":{"start":{"line":230,"column":20},"end":{"line":230,"column":82}},"98":{"start":{"line":231,"column":20},"end":{"line":231,"column":147}},"99":{"start":{"line":232,"column":20},"end":{"line":232,"column":35}},"100":{"start":{"line":235,"column":20},"end":{"line":235,"column":86}},"101":{"start":{"line":236,"column":20},"end":{"line":236,"column":153}},"102":{"start":{"line":237,"column":20},"end":{"line":237,"column":35}},"103":{"start":{"line":240,"column":20},"end":{"line":240,"column":84}},"104":{"start":{"line":241,"column":20},"end":{"line":241,"column":151}},"105":{"start":{"line":242,"column":20},"end":{"line":242,"column":35}},"106":{"start":{"line":245,"column":20},"end":{"line":245,"column":86}},"107":{"start":{"line":246,"column":20},"end":{"line":246,"column":153}},"108":{"start":{"line":247,"column":20},"end":{"line":247,"column":35}},"109":{"start":{"line":250,"column":20},"end":{"line":250,"column":84}},"110":{"start":{"line":251,"column":20},"end":{"line":251,"column":151}},"111":{"start":{"line":252,"column":20},"end":{"line":252,"column":35}},"112":{"start":{"line":256,"column":16},"end":{"line":260,"column":17}},"113":{"start":{"line":257,"column":20},"end":{"line":257,"column":66}},"114":{"start":{"line":258,"column":20},"end":{"line":258,"column":106}},"115":{"start":{"line":259,"column":20},"end":{"line":259,"column":35}},"116":{"start":{"line":263,"column":16},"end":{"line":267,"column":17}},"117":{"start":{"line":264,"column":20},"end":{"line":264,"column":66}},"118":{"start":{"line":265,"column":20},"end":{"line":265,"column":106}},"119":{"start":{"line":266,"column":20},"end":{"line":266,"column":35}},"120":{"start":{"line":270,"column":16},"end":{"line":290,"column":17}},"121":{"start":{"line":272,"column":20},"end":{"line":272,"column":67}},"122":{"start":{"line":273,"column":20},"end":{"line":273,"column":105}},"123":{"start":{"line":274,"column":20},"end":{"line":274,"column":35}},"124":{"start":{"line":277,"column":20},"end":{"line":277,"column":67}},"125":{"start":{"line":278,"column":20},"end":{"line":278,"column":105}},"126":{"start":{"line":279,"column":20},"end":{"line":279,"column":35}},"127":{"start":{"line":282,"column":20},"end":{"line":282,"column":67}},"128":{"start":{"line":283,"column":20},"end":{"line":283,"column":105}},"129":{"start":{"line":284,"column":20},"end":{"line":284,"column":35}},"130":{"start":{"line":287,"column":20},"end":{"line":287,"column":67}},"131":{"start":{"line":288,"column":20},"end":{"line":288,"column":105}},"132":{"start":{"line":289,"column":20},"end":{"line":289,"column":35}},"133":{"start":{"line":293,"column":16},"end":{"line":328,"column":17}},"134":{"start":{"line":294,"column":20},"end":{"line":295,"column":37}},"135":{"start":{"line":297,"column":20},"end":{"line":301,"column":21}},"136":{"start":{"line":298,"column":24},"end":{"line":298,"column":141}},"137":{"start":{"line":299,"column":24},"end":{"line":299,"column":69}},"138":{"start":{"line":300,"column":24},"end":{"line":300,"column":50}},"139":{"start":{"line":303,"column":20},"end":{"line":319,"column":23}},"140":{"start":{"line":304,"column":24},"end":{"line":304,"column":59}},"141":{"start":{"line":305,"column":24},"end":{"line":305,"column":80}},"142":{"start":{"line":306,"column":24},"end":{"line":306,"column":76}},"143":{"start":{"line":307,"column":24},"end":{"line":307,"column":58}},"144":{"start":{"line":308,"column":24},"end":{"line":308,"column":82}},"145":{"start":{"line":310,"column":24},"end":{"line":312,"column":25}},"146":{"start":{"line":311,"column":28},"end":{"line":311,"column":159}},"147":{"start":{"line":314,"column":24},"end":{"line":316,"column":25}},"148":{"start":{"line":315,"column":28},"end":{"line":315,"column":86}},"149":{"start":{"line":318,"column":24},"end":{"line":318,"column":39}},"150":{"start":{"line":321,"column":20},"end":{"line":325,"column":21}},"151":{"start":{"line":322,"column":24},"end":{"line":322,"column":73}},"152":{"start":{"line":324,"column":24},"end":{"line":324,"column":107}},"153":{"start":{"line":327,"column":20},"end":{"line":327,"column":35}},"154":{"start":{"line":332,"column":16},"end":{"line":376,"column":17}},"155":{"start":{"line":334,"column":20},"end":{"line":334,"column":68}},"156":{"start":{"line":338,"column":20},"end":{"line":352,"column":21}},"157":{"start":{"line":339,"column":24},"end":{"line":349,"column":26}},"158":{"start":{"line":351,"column":24},"end":{"line":351,"column":44}},"159":{"start":{"line":355,"column":20},"end":{"line":357,"column":21}},"160":{"start":{"line":356,"column":24},"end":{"line":356,"column":70}},"161":{"start":{"line":360,"column":20},"end":{"line":368,"column":21}},"162":{"start":{"line":361,"column":24},"end":{"line":367,"column":25}},"163":{"start":{"line":362,"column":28},"end":{"line":366,"column":31}},"164":{"start":{"line":370,"column":20},"end":{"line":370,"column":104}},"165":{"start":{"line":371,"column":20},"end":{"line":371,"column":108}},"166":{"start":{"line":372,"column":20},"end":{"line":372,"column":108}},"167":{"start":{"line":373,"column":20},"end":{"line":373,"column":108}},"168":{"start":{"line":374,"column":20},"end":{"line":374,"column":35}},"169":{"start":{"line":379,"column":16},"end":{"line":447,"column":17}},"170":{"start":{"line":380,"column":20},"end":{"line":380,"column":57}},"171":{"start":{"line":382,"column":20},"end":{"line":382,"column":77}},"172":{"start":{"line":384,"column":20},"end":{"line":384,"column":38}},"173":{"start":{"line":386,"column":20},"end":{"line":394,"column":21}},"174":{"start":{"line":387,"column":24},"end":{"line":387,"column":209}},"175":{"start":{"line":388,"column":24},"end":{"line":388,"column":213}},"176":{"start":{"line":389,"column":24},"end":{"line":389,"column":213}},"177":{"start":{"line":390,"column":24},"end":{"line":390,"column":205}},"178":{"start":{"line":391,"column":24},"end":{"line":393,"column":25}},"179":{"start":{"line":392,"column":28},"end":{"line":392,"column":140}},"180":{"start":{"line":397,"column":20},"end":{"line":409,"column":21}},"181":{"start":{"line":398,"column":24},"end":{"line":398,"column":239}},"182":{"start":{"line":399,"column":24},"end":{"line":399,"column":239}},"183":{"start":{"line":401,"column":24},"end":{"line":401,"column":235}},"184":{"start":{"line":402,"column":24},"end":{"line":402,"column":235}},"185":{"start":{"line":404,"column":24},"end":{"line":404,"column":243}},"186":{"start":{"line":405,"column":24},"end":{"line":405,"column":243}},"187":{"start":{"line":407,"column":24},"end":{"line":407,"column":239}},"188":{"start":{"line":408,"column":24},"end":{"line":408,"column":205}},"189":{"start":{"line":412,"column":20},"end":{"line":414,"column":21}},"190":{"start":{"line":413,"column":22},"end":{"line":413,"column":197}},"191":{"start":{"line":417,"column":20},"end":{"line":420,"column":21}},"192":{"start":{"line":418,"column":22},"end":{"line":418,"column":110}},"193":{"start":{"line":419,"column":22},"end":{"line":419,"column":197}},"194":{"start":{"line":423,"column":20},"end":{"line":426,"column":21}},"195":{"start":{"line":424,"column":24},"end":{"line":424,"column":179}},"196":{"start":{"line":425,"column":24},"end":{"line":425,"column":205}},"197":{"start":{"line":430,"column":20},"end":{"line":434,"column":21}},"198":{"start":{"line":431,"column":22},"end":{"line":431,"column":49}},"199":{"start":{"line":433,"column":22},"end":{"line":433,"column":48}},"200":{"start":{"line":436,"column":20},"end":{"line":436,"column":39}},"201":{"start":{"line":439,"column":20},"end":{"line":441,"column":21}},"202":{"start":{"line":440,"column":24},"end":{"line":440,"column":86}},"203":{"start":{"line":444,"column":20},"end":{"line":444,"column":56}},"204":{"start":{"line":446,"column":20},"end":{"line":446,"column":35}},"205":{"start":{"line":450,"column":16},"end":{"line":454,"column":17}},"206":{"start":{"line":451,"column":20},"end":{"line":453,"column":23}},"207":{"start":{"line":452,"column":24},"end":{"line":452,"column":68}}},"branchMap":{"1":{"line":51,"type":"if","locations":[{"start":{"line":51,"column":12},"end":{"line":51,"column":12}},{"start":{"line":51,"column":12},"end":{"line":51,"column":12}}]},"2":{"line":61,"type":"if","locations":[{"start":{"line":61,"column":12},"end":{"line":61,"column":12}},{"start":{"line":61,"column":12},"end":{"line":61,"column":12}}]},"3":{"line":86,"type":"if","locations":[{"start":{"line":86,"column":12},"end":{"line":86,"column":12}},{"start":{"line":86,"column":12},"end":{"line":86,"column":12}}]},"4":{"line":93,"type":"if","locations":[{"start":{"line":93,"column":12},"end":{"line":93,"column":12}},{"start":{"line":93,"column":12},"end":{"line":93,"column":12}}]},"5":{"line":93,"type":"binary-expr","locations":[{"start":{"line":93,"column":16},"end":{"line":93,"column":42}},{"start":{"line":93,"column":46},"end":{"line":93,"column":58}},{"start":{"line":93,"column":62},"end":{"line":93,"column":75}}]},"6":{"line":111,"type":"binary-expr","locations":[{"start":{"line":111,"column":23},"end":{"line":111,"column":49}},{"start":{"line":111,"column":53},"end":{"line":111,"column":72}}]},"7":{"line":113,"type":"if","locations":[{"start":{"line":113,"column":8},"end":{"line":113,"column":8}},{"start":{"line":113,"column":8},"end":{"line":113,"column":8}}]},"8":{"line":116,"type":"cond-expr","locations":[{"start":{"line":116,"column":63},"end":{"line":116,"column":92}},{"start":{"line":116,"column":95},"end":{"line":116,"column":97}}]},"9":{"line":118,"type":"if","locations":[{"start":{"line":118,"column":12},"end":{"line":118,"column":12}},{"start":{"line":118,"column":12},"end":{"line":118,"column":12}}]},"10":{"line":118,"type":"binary-expr","locations":[{"start":{"line":118,"column":16},"end":{"line":118,"column":31}},{"start":{"line":118,"column":35},"end":{"line":118,"column":56}}]},"11":{"line":127,"type":"if","locations":[{"start":{"line":127,"column":20},"end":{"line":127,"column":20}},{"start":{"line":127,"column":20},"end":{"line":127,"column":20}}]},"12":{"line":127,"type":"binary-expr","locations":[{"start":{"line":127,"column":23},"end":{"line":127,"column":27}},{"start":{"line":127,"column":32},"end":{"line":127,"column":66}},{"start":{"line":128,"column":32},"end":{"line":128,"column":66}},{"start":{"line":129,"column":32},"end":{"line":129,"column":73}}]},"13":{"line":135,"type":"if","locations":[{"start":{"line":135,"column":12},"end":{"line":135,"column":12}},{"start":{"line":135,"column":12},"end":{"line":135,"column":12}}]},"14":{"line":143,"type":"if","locations":[{"start":{"line":143,"column":12},"end":{"line":143,"column":12}},{"start":{"line":143,"column":12},"end":{"line":143,"column":12}}]},"15":{"line":147,"type":"if","locations":[{"start":{"line":147,"column":12},"end":{"line":147,"column":12}},{"start":{"line":147,"column":12},"end":{"line":147,"column":12}}]},"16":{"line":163,"type":"cond-expr","locations":[{"start":{"line":163,"column":51},"end":{"line":163,"column":65}},{"start":{"line":163,"column":68},"end":{"line":163,"column":70}}]},"17":{"line":166,"type":"if","locations":[{"start":{"line":166,"column":16},"end":{"line":166,"column":16}},{"start":{"line":166,"column":16},"end":{"line":166,"column":16}}]},"18":{"line":170,"type":"cond-expr","locations":[{"start":{"line":171,"column":20},"end":{"line":171,"column":95}},{"start":{"line":171,"column":98},"end":{"line":171,"column":100}}]},"19":{"line":174,"type":"if","locations":[{"start":{"line":174,"column":16},"end":{"line":174,"column":16}},{"start":{"line":174,"column":16},"end":{"line":174,"column":16}}]},"20":{"line":181,"type":"if","locations":[{"start":{"line":181,"column":24},"end":{"line":181,"column":24}},{"start":{"line":181,"column":24},"end":{"line":181,"column":24}}]},"21":{"line":194,"type":"cond-expr","locations":[{"start":{"line":194,"column":44},"end":{"line":194,"column":46}},{"start":{"line":194,"column":49},"end":{"line":194,"column":90}}]},"22":{"line":207,"type":"if","locations":[{"start":{"line":207,"column":16},"end":{"line":207,"column":16}},{"start":{"line":207,"column":16},"end":{"line":207,"column":16}}]},"23":{"line":213,"type":"if","locations":[{"start":{"line":213,"column":20},"end":{"line":213,"column":20}},{"start":{"line":213,"column":20},"end":{"line":213,"column":20}}]},"24":{"line":256,"type":"if","locations":[{"start":{"line":256,"column":16},"end":{"line":256,"c
[...]
name.indexOf('msapplication-square') >= 0)) {","                        $(this).remove();","                    }","                });","                 html = $.html().replace(/(?:(?:^|\\n)\\s+|\\s+(?:$|\\n))/g,'').replace(/\\s+/g,' ');","            }","            if(html === '') {","                $ = cheerio.load('');","            }","        }","","        // Iterate over all specified file groups.","        this.files.forEach(function(f) {","","            if (f.src.length === 0) {","                return grunt.warn ('Source file not found.');","            }","","            if (!grunt.file.isDir(f.dest)) {","                grunt.file.mkdir(f.dest);","                grunt.log.ok('Created output folder at \"', f.dest, '\"');","            }","","            // Iterate source files","            f.src.forEach(function(source) {","","                var resolmap = {};","","                // Create resized version of source image","                // 16x16: desktop browsers, address bar, tabs","                // 32x32: safari reading list, non-retina iPhone, windows 7+ taskbar","                // 48x48: windows desktop","","                var files = [];","                var prefix = options.precomposed ? \"-precomposed\" : \"\";","","                // Convert options for transparent and flatten","                if (options.appleTouchBackgroundColor === \"auto\") {","                    options.appleTouchBackgroundColor = generateColor(source);","                }","","                var additionalOpts = options.appleTouchBackgroundColor !== \"none\" ?","                    [ \"-background\", '\"' + options.appleTouchBackgroundColor + '\"', \"-flatten\"] : [];","                grunt.log.write('Resizing images for \"' + source + '\"... ');","","                if (options.regular) {","","                    // regular png","                    ['16x16', '32x32', '48x48'].forEach(function(size) {","                        var lowResolutionImagePath = options.getLowResolutionImagePath(source, size);","                        var saveTo = path.join(f.dest, size + '.png');","                        var src = source;","                        if (fs.existsSync(lowResolutionImagePath)) {","                            src = lowResolutionImagePath;","                        }","                        convert([src, '-resize', size, saveTo]);","                        files.push(saveTo);","                    });","                    grunt.log.ok();","","                    // favicon.ico","                    grunt.log.write('favicon.ico... ');","                    convert(files.concat([","                        \"-alpha on\",","                        \"-background none\",","                        options.trueColor ? \"\" : \"-bordercolor white -border 0 -colors 64\",","                        path.join(f.dest, 'favicon.ico')","                    ]));","                    grunt.log.ok();","","                    // 64x64 favicon.png higher priority than .ico","                    grunt.log.write('favicon.png... ');","                    convert([source, '-resize', \"64x64\", path.join(f.dest, 'favicon.png')]);","                    grunt.log.ok();","                }","","                ////// PNG's for iOS and Android icons","","                if (options.apple) {","                    // 57x57: iPhone non-retina, Android 2.1+","                    grunt.log.write('apple-touch-icon.png... ');","                    convert(combine(source, f.dest, \"57x57\", \"apple-touch-icon.png\", additionalOpts, options.appleTouchPadding));","                    grunt.log.ok();","","                    if (options.precomposed) {","                        grunt.log.write('apple-touch-icon' + prefix + '.png... ');","                        convert(combine(source, f.dest, \"57x57\", \"apple-touch-icon\" + prefix + \".png\", additionalOpts, options.appleTouchPadding));","                        grunt.log.ok();","                    }","","                    // 60x60: iPhone iOS 7 without size","                    grunt.log.write('apple-touch-icon-60x60-precomposed.png... ');","                    convert(combine(source, f.dest, \"60x60\", \"apple-touch-icon-60x60-precomposed.png\", additionalOpts, options.appleTouchPadding));","                    grunt.log.ok();","","                    // 72x72: iPad non-retina, iOS 6 and lower","                    grunt.log.write('apple-touch-icon-72x72' + prefix + '.png... ');","                    convert(combine(source, f.dest, \"72x72\", \"apple-touch-icon-72x72\" + prefix + \".png\", additionalOpts, options.appleTouchPadding));","                    grunt.log.ok();","","                    // 76x76: iPad non-retina, iOS 7 and higher","                    grunt.log.write('apple-touch-icon-76x76-precomposed.png... ');","                    convert(combine(source, f.dest, \"76x76\", \"apple-touch-icon-76x76-precomposed.png\", additionalOpts, options.appleTouchPadding));","                    grunt.log.ok();","","                    // 114x114: iPhone retina, iOS 6 and lower","                    grunt.log.write('apple-touch-icon-114x114' + prefix + '.png... ');","                    convert(combine(source, f.dest, \"114x114\", \"apple-touch-icon-114x114\" + prefix + \".png\", additionalOpts, options.appleTouchPadding));","                    grunt.log.ok();","","                    // 120x120: iPhone retina, iOS 7 and higher","                    grunt.log.write('apple-touch-icon-120x120-precomposed.png... ');","                    convert(combine(source, f.dest, \"120x120\", \"apple-touch-icon-120x120-precomposed.png\", additionalOpts, options.appleTouchPadding));","                    grunt.log.ok();","","                    // 144x144: iPad retina, iOS 6 and lower","                    grunt.log.write('apple-touch-icon-144x144' + prefix + '.png... ');","                    convert(combine(source, f.dest, \"144x144\", \"apple-touch-icon-144x144\" + prefix + \".png\", additionalOpts, options.appleTouchPadding));","                    grunt.log.ok();","","                    // 152x152: iPad retina, iOS 7 and higher","                    grunt.log.write('apple-touch-icon-152x152-precomposed.png... ');","                    convert(combine(source, f.dest, \"152x152\", \"apple-touch-icon-152x152-precomposed.png\", additionalOpts, options.appleTouchPadding));","                    grunt.log.ok();","                }","","                // 228x228: Coast","                if (options.coast) {","                    grunt.log.write('coast-icon-228x228.png... ');","                    convert(combine(source, f.dest, \"228x228\", \"coast-icon-228x228.png\", additionalOpts));","                    grunt.log.ok();","                }","","                // Android Homescreen app","                if (options.androidHomescreen) {","                    grunt.log.write('homescreen-192x192.png... ');","                    convert(combine(source, f.dest, \"192x192\", \"homescreen-192x192.png\", additionalOpts));","                    grunt.log.ok();","                }","                ","                // Android Icons app","                if (options.androidIcons) {","                    // 36x36: LDPI","                    grunt.log.write('android-icons-36x36.png... ');","                    convert(combine(source, f.dest, \"36x36\", \"android-icons-36x36.png\", additionalOpts));","                    grunt.log.ok();","","                    // 48x48: MDPI","                    grunt.log.write('android-icons-48x48.png... ');","                    convert(combine(source, f.dest, \"48x48\", \"android-icons-48x48.png\", additionalOpts));","                    grunt.log.ok();","","                    // 72x72: HDPI","                    grunt.log.write('android-icons-72x72.png... ');","                    convert(combine(source, f.dest, \"72x72\", \"android-icons-72x72.png\", additionalOpts));","                    grunt.log.ok();","","                    // 96x96: XHDPI","                    grunt.log.write('android-icons-96x96.png... ');","                    convert(combine(source, f.dest, \"96x96\", \"android-icons-96x96.png\", additionalOpts));","                    grunt.log.ok();","                }","","                // Firefox","                if (options.firefox) {","                    var updateFirefoxManifest = (options.firefoxManifest !== undefined && options.firefoxManifest !== ''),","                      contentFirefox;","","                    if (updateFirefoxManifest) {","                        var contentsFirefox = (grunt.file.exists(options.firefoxManifest)) ? grunt.file.read(options.firefoxManifest) : '{}';","                        contentFirefox = JSON.parse(contentsFirefox);","                        contentFirefox.icons = {};","                    }","","                    ['16', '30', '32', '48', '60', '64', '90', '120', '128', '256'].forEach(function(size) {","                        var dimensions = size + 'x' + size;","                        var dhalf = \"circle \"+size/2+\",\"+size/2+\" \"+size/2+\",1\";","                        var fifname = \"firefox-icon-\" + dimensions + \".png\";","                        grunt.log.write(fifname + '... ');","                        convert(combine(source, f.dest, dimensions, fifname, []));","","                        if (options.firefoxRound) {","                            convert([\"-size\", dimensions, \"xc:none\", \"-fill\", path.join(f.dest, fifname), \"-draw\", '\"'+dhalf+'\"', path.join(f.dest, fifname)]);","                        }","","                        if (updateFirefoxManifest) {","                            contentFirefox.icons[size] = options.HTMLPrefix + fifname;","                        }","","                        grunt.log.ok();","                    });","","                    if (updateFirefoxManifest) {","                        grunt.log.write('Updating Firefox manifest... ');","","                        fs.writeFileSync(options.firefoxManifest, JSON.stringify(contentFirefox, null, 2));","                    }","","                    grunt.log.ok();","                }","","                ////// Windows 8 Tile","","                if (options.windowsTile) {","","                    grunt.log.write('windows-tile-144x144.png... ');","","                    // MS Tiles","","                    if (options.tileBlackWhite) {","                        additionalOpts = [","                            \"-fuzz 100%\",","                            \"-fill black\",","                            \"-opaque red\",","                            \"-fuzz 100%\",","                            \"-fill black\",","                            \"-opaque blue\",","                            \"-fuzz 100%\",","                            \"-fill white\",","                            \"-opaque green\"","                        ];","                    } else {","                        additionalOpts = [];","                    }","","                    // Tile BG color (experimental)","                    if (options.tileColor === \"auto\") {","                        options.tileColor = generateTileColor(source);","                    }","","                    // Setting background color in image","                    if (!needHTML) {","                        if (options.tileColor !== \"none\") {","                            additionalOpts = additionalOpts.concat([","                                \"-background\",","                                '\"' + options.tileColor + '\"',","                                \"-flatten\"","                            ]);","                        }","                    }","","                    convert(combine(source, f.dest, \"70x70\", \"windows-tile-70x70.png\", additionalOpts));","                    convert(combine(source, f.dest, \"144x144\", \"windows-tile-144x144.png\", additionalOpts));","                    convert(combine(source, f.dest, \"150x150\", \"windows-tile-150x150.png\", additionalOpts));","                    convert(combine(source, f.dest, \"310x310\", \"windows-tile-310x310.png\", additionalOpts));","                    grunt.log.ok();","","                }","","                // Append icons to <HEAD>","                if (needHTML) {","                    grunt.log.write('Updating HTML... ');","","                    var timestamp = '?ts=' + new Date().getTime().toString();","","                    var elements = \"\";","","                    if (options.windowsTile) {","                        elements += options.indent + \"<meta name=\\\"msapplication-square70x70logo\\\" content=\\\"\" + options.HTMLPrefix + \"windows-tile-70x70.png\" + (options.timestamp ? timestamp : '') + \"\\\"/>\\n\";","                        elements += options.indent + \"<meta name=\\\"msapplication-square150x150logo\\\" content=\\\"\" + options.HTMLPrefix + \"windows-tile-150x150.png\" + (options.timestamp ? timestamp : '') + \"\\\"/>\\n\";","                        elements += options.indent + \"<meta name=\\\"msapplication-square310x310logo\\\" content=\\\"\" + options.HTMLPrefix + \"windows-tile-310x310.png\" + (options.timestamp ? timestamp : '') + \"\\\"/>\\n\";","                        elements += options.indent + \"<meta name=\\\"msapplication-TileImage\\\" content=\\\"\" + options.HTMLPrefix + \"windows-tile-144x144.png\" + (options.timestamp ? timestamp : '') + \"\\\"/>\\n\";","                        if (options.tileColor !== \"none\") {","                            elements += options.indent + \"<meta name=\\\"msapplication-TileColor\\\" content=\\\"\" + options.tileColor + \"\\\"/>\\n\";","                        }","                    }","","                    // iOS","                    if (options.apple) {","                        elements += options.indent + \"<link rel=\\\"apple-touch-icon-precomposed\\\" sizes=\\\"152x152\\\" href=\\\"\" + options.HTMLPrefix + \"apple-touch-icon-152x152-precomposed.png\" + (options.timestamp ? timestamp : '') + \"\\\">\\n\";","                        elements += options.indent + \"<link rel=\\\"apple-touch-icon-precomposed\\\" sizes=\\\"120x120\\\" href=\\\"\" + options.HTMLPrefix + \"apple-touch-icon-120x120-precomposed.png\" + (options.timestamp ? timestamp : '') + \"\\\">\\n\";","","                        elements += options.indent + \"<link rel=\\\"apple-touch-icon-precomposed\\\" sizes=\\\"76x76\\\" href=\\\"\" + options.HTMLPrefix + \"apple-touch-icon-76x76-precomposed.png\" + (options.timestamp ? timestamp : '') + \"\\\">\\n\";","                        elements += options.indent + \"<link rel=\\\"apple-touch-icon-precomposed\\\" sizes=\\\"60x60\\\" href=\\\"\" + options.HTMLPrefix + \"apple-touch-icon-60x60-precomposed.png\" + (options.timestamp ? timestamp : '') + \"\\\">\\n\";","","                        elements += options.indent + \"<link rel=\\\"apple-touch-icon\" + prefix + \"\\\" sizes=\\\"144x144\\\" href=\\\"\" + options.HTMLPrefix + \"apple-touch-icon-144x144\" + prefix + \".png\" + (options.timestamp ? timestamp : '') + \"\\\">\\n\";","                        elements += options.indent + \"<link rel=\\\"apple-touch-icon\" + prefix + \"\\\" sizes=\\\"114x114\\\" href=\\\"\" + options.HTMLPrefix + \"apple-touch-icon-114x114\" + prefix + \".png\" + (options.timestamp ? timestamp : '') + \"\\\">\\n\";","","                        elements += options.indent + \"<link rel=\\\"apple-touch-icon\" + prefix + \"\\\" sizes=\\\"72x72\\\" href=\\\"\" + options.HTMLPrefix + \"apple-touch-icon-72x72\" + prefix + \".png\" + (options.timestamp ? timestamp : '') + \"\\\">\\n\";","                        elements += options.indent + \"<link rel=\\\"apple-touch-icon\\\" sizes=\\\"57x57\\\" href=\\\"\" + options.HTMLPrefix + \"apple-touch-icon.png\" + (options.timestamp ? timestamp : '') + \"\\\">\\n\";","                    }","","                    // Coast browser","                    if (options.coast) {","                      elements += options.indent + \"<link rel=\\\"icon\\\" sizes=\\\"228x228\\\" href=\\\"\" + options.HTMLPrefix + \"coast-icon-228x228.png\" + (options.timestamp ? timestamp : '') + \"\\\" />\\n\";","                    }","","                    // Android Homescreen app","                    if (options.androidHomescreen) {","                      elements += options.indent + \"<meta name=\\\"mobile-web-app-capable\\\" value=\\\"yes\\\" />\\n\";","                      elements += options.indent + \"<link rel=\\\"icon\\\" sizes=\\\"192x192\\\" href=\\\"\" + options.HTMLPrefix + \"homescreen-192x192.png\" + (options.timestamp ? timestamp : '') + \"\\\" />\\n\";","                    }","","                    // Default","                    if (options.regular) {","                        elements += options.indent + \"<link rel=\\\"shortcut icon\\\" href=\\\"\" + options.HTMLPrefix + \"favicon.ico\" + (options.timestamp ? timestamp : '') + \"\\\" />\\n\";","                        elements += options.indent + \"<link rel=\\\"icon\\\" type=\\\"image/png\\\" sizes=\\\"64x64\\\" href=\\\"\" + options.HTMLPrefix + \"favicon.png\" + (options.timestamp ? timestamp : '') + \"\\\" />\\n\";","                    }","","                    // Windows 8 tile. In HTML version background color will be as meta-tag","","                    if($('head').length > 0) {","                      $(\"head\").append(elements);","                    } else {","                      $.root().append(elements);","                    }","","                    var out = $.html();","","                    // Hack for php tags","                    if (path.extname(options.html) === \".php\") {","                        out = out.replace(/&lt;\\?/gi, '<?').replace(/\\?&gt;/gi, '?>');","                    }","","                    // Saving HTML","                    grunt.file.write(options.html, out);","","                    grunt.log.ok();","                }","","                // Cleanup","                if (options.regular) {","                    ['16x16', '32x32', '48x48'].forEach(function(size) {","                        fs.unlink(path.join(f.dest, size + '.png'));","                    });","                }","","            });","","        });","    });","","};",""],"l":{"9":1,"10":1,"11":1,"13":1,"16":0,"18":0,"21":0,"44":0,"45":0,"50":0,"51":0,"52":0,"54":0,"58":0,"59":0,"60":0,"61":0,"62":0,"69":0,"70":0,"71":0,"75":0,"76":0,"77":0,"80":0,"81":0,"86":0,"87":0,"93":0,"94":0,"95":0,"104":0,"105":0,"111":0,"113":0,"114":0,"115":0,"116":0,"117":0,"118":0,"119":0,"121":0,"122":0,"123":0,"124":0,"125":0,"126":0,"127":0,"130":0,"133":0,"135":0,"136":0,"141":0,"143":0,"144":0,"147":0,"148":0,"149":0,"153":0,"155":0,"162":0,"163":0,"166":0,"167":0,"170":0,"172":0,"174":0,"177":0,"178":0,"179":0,"180":0,"181":0,"182":0,"184":0,"185":0,"187":0,"190":0,"191":0,"197":0,"200":0,"201":0,"202":0,"207":0,"209":0,"210":0,"211":0,"213":0,"214":0,"215":0,"216":0,"220":0,"221":0,"222":0,"225":0,"226":0,"227":0,"230":0,"231":0,"232":0,"235":0,"236":0,"237":0,"240":0,"241":0,"242":0,"245":0,"246":0,"247":0,"250":0,"251":0,"252":0,"256":0,"257":0,"258":0,"259":0,"263":0,"264":0,"265":0,"266":0,"270":0,"272":0,"273":0,"274":0,"277":0,"278":0,"279":0,"282":0,"283":0,"284":0,"287":0,"288":0,"289":0,"293":0,"294":0,"297":0,"298":0,"299":0,"300":0,"303":0,"304":0,"305":0,"306":0,"307":0,"308":0,"310":0,"311":0,"314":0,"315":0,"318":0,"321":0,"322":0,"324":0,"327":0,"332":0,"334":0,"338":0,"339":0,"351":0,"355":0,"356":0,"360":0,"361":0,"362":0,"370":0,"371":0,"372":0,"373":0,"374":0,"379":0,"380":0,"382":0,"384":0,"386":0,"387":0,"388":0,"389":0,"390":0,"391":0,"392":0,"397":0,"398":0,"399":0,"401":0,"402":0,"404":0,"405":0,"407":0,"408":0,"412":0,"413":0,"417":0,"418":0,"419":0,"423":0,"424":0,"425":0,"430":0,"431":0,"433":0,"436":0,"439":0,"440":0,"444":0,"446":0,"450":0,"451":0,"452":0}}}